{"/Users/isao/code/github/TobiiPro/aws-util-firecloud/src/account.js": {"path":"/Users/isao/code/github/TobiiPro/aws-util-firecloud/src/account.js","statementMap":{"0":{"start":{"line":1,"column":13},"end":{"line":1,"column":75}},"1":{"start":{"line":1,"column":75},"end":{"line":1,"column":139}},"2":{"start":{"line":1,"column":162},"end":{"line":1,"column":189}},"3":{"start":{"line":1,"column":214},"end":{"line":1,"column":254}},"4":{"start":{"line":2,"column":11},"end":{"line":2,"column":27}},"5":{"start":{"line":2,"column":40},"end":{"line":2,"column":68}},"6":{"start":{"line":2,"column":107},"end":{"line":2,"column":161}},"7":{"start":{"line":4,"column":10},"end":{"line":31,"column":1}},"8":{"start":{"line":5,"column":25},"end":{"line":7,"column":4}},"9":{"start":{"line":6,"column":4},"end":{"line":6,"column":46}},"10":{"start":{"line":8,"column":17},"end":{"line":8,"column":19}},"11":{"start":{"line":10,"column":2},"end":{"line":26,"column":5}},"12":{"start":{"line":11,"column":17},"end":{"line":11,"column":91}},"13":{"start":{"line":12,"column":15},"end":{"line":12,"column":56}},"14":{"start":{"line":13,"column":13},"end":{"line":13,"column":33}},"15":{"start":{"line":15,"column":18},"end":{"line":20,"column":112}},"16":{"start":{"line":23,"column":4},"end":{"line":23,"column":27}},"17":{"start":{"line":24,"column":4},"end":{"line":24,"column":31}},"18":{"start":{"line":25,"column":4},"end":{"line":25,"column":29}},"19":{"start":{"line":28,"column":2},"end":{"line":28,"column":75}},"20":{"start":{"line":30,"column":2},"end":{"line":30,"column":18}},"21":{"start":{"line":33,"column":14},"end":{"line":33,"column":67}},"22":{"start":{"line":36,"column":18},"end":{"line":36,"column":55}},"23":{"start":{"line":36,"column":56},"end":{"line":38,"column":8}}},"fnMap":{"0":{"name":"_interopRequireDefault","decl":{"start":{"line":2,"column":78},"end":{"line":2,"column":100}},"loc":{"start":{"line":2,"column":106},"end":{"line":2,"column":162}},"line":2},"1":{"name":"(anonymous_1)","decl":{"start":{"line":4,"column":24},"end":{"line":4,"column":25}},"loc":{"start":{"line":4,"column":43},"end":{"line":31,"column":1}},"line":4},"2":{"name":"(anonymous_2)","decl":{"start":{"line":5,"column":97},"end":{"line":5,"column":98}},"loc":{"start":{"line":5,"column":116},"end":{"line":7,"column":3}},"line":5},"3":{"name":"(anonymous_3)","decl":{"start":{"line":10,"column":54},"end":{"line":10,"column":55}},"loc":{"start":{"line":10,"column":81},"end":{"line":26,"column":3}},"line":10}},"branchMap":{"0":{"loc":{"start":{"line":2,"column":114},"end":{"line":2,"column":160}},"type":"cond-expr","locations":[{"start":{"line":2,"column":138},"end":{"line":2,"column":141}},{"start":{"line":2,"column":144},"end":{"line":2,"column":160}}],"line":2},"1":{"loc":{"start":{"line":2,"column":114},"end":{"line":2,"column":135}},"type":"binary-expr","locations":[{"start":{"line":2,"column":114},"end":{"line":2,"column":117}},{"start":{"line":2,"column":121},"end":{"line":2,"column":135}}],"line":2}},"s":{"0":0,"1":0,"2":0,"3":0,"4":0,"5":0,"6":0,"7":0,"8":0,"9":0,"10":0,"11":0,"12":0,"13":0,"14":0,"15":0,"16":0,"17":0,"18":0,"19":0,"20":0,"21":0,"22":0,"23":0},"f":{"0":0,"1":0,"2":0,"3":0},"b":{"0":[0,0],"1":[0,0]}}
,"/Users/isao/code/github/TobiiPro/aws-util-firecloud/src/athena.js": {"path":"/Users/isao/code/github/TobiiPro/aws-util-firecloud/src/athena.js","statementMap":{"0":{"start":{"line":1,"column":13},"end":{"line":1,"column":75}},"1":{"start":{"line":1,"column":75},"end":{"line":1,"column":108}},"2":{"start":{"line":1,"column":124},"end":{"line":1,"column":163}},"3":{"start":{"line":1,"column":187},"end":{"line":1,"column":214}},"4":{"start":{"line":1,"column":239},"end":{"line":1,"column":279}},"5":{"start":{"line":2,"column":14},"end":{"line":2,"column":32}},"6":{"start":{"line":2,"column":48},"end":{"line":2,"column":79}},"7":{"start":{"line":4,"column":17},"end":{"line":4,"column":36}},"8":{"start":{"line":4,"column":75},"end":{"line":4,"column":129}},"9":{"start":{"line":9,"column":31},"end":{"line":24,"column":92}},"10":{"start":{"line":9,"column":50},"end":{"line":24,"column":4}},"11":{"start":{"line":14,"column":15},"end":{"line":14,"column":65}},"12":{"start":{"line":15,"column":16},"end":{"line":15,"column":48}},"13":{"start":{"line":16,"column":4},"end":{"line":21,"column":5}},"14":{"start":{"line":17,"column":6},"end":{"line":17,"column":48}},"15":{"start":{"line":20,"column":6},"end":{"line":20,"column":55}},"16":{"start":{"line":23,"column":4},"end":{"line":23,"column":17}},"17":{"start":{"line":24,"column":5},"end":{"line":24,"column":88}},"18":{"start":{"line":24,"column":51},"end":{"line":24,"column":86}},"19":{"start":{"line":26,"column":27},"end":{"line":44,"column":1}},"20":{"start":{"line":27,"column":21},"end":{"line":27,"column":23}},"21":{"start":{"line":28,"column":2},"end":{"line":30,"column":5}},"22":{"start":{"line":29,"column":4},"end":{"line":29,"column":45}},"23":{"start":{"line":32,"column":13},"end":{"line":32,"column":74}},"24":{"start":{"line":33,"column":20},"end":{"line":41,"column":4}},"25":{"start":{"line":34,"column":20},"end":{"line":34,"column":22}},"26":{"start":{"line":36,"column":4},"end":{"line":38,"column":7}},"27":{"start":{"line":37,"column":6},"end":{"line":37,"column":65}},"28":{"start":{"line":40,"column":4},"end":{"line":40,"column":21}},"29":{"start":{"line":43,"column":2},"end":{"line":43,"column":21}},"30":{"start":{"line":46,"column":19},"end":{"line":78,"column":82}},"31":{"start":{"line":46,"column":62},"end":{"line":78,"column":4}},"32":{"start":{"line":57,"column":35},"end":{"line":57,"column":109}},"33":{"start":{"line":58,"column":33},"end":{"line":58,"column":105}},"34":{"start":{"line":59,"column":31},"end":{"line":59,"column":101}},"35":{"start":{"line":61,"column":29},"end":{"line":61,"column":67}},"36":{"start":{"line":62,"column":31},"end":{"line":62,"column":49}},"37":{"start":{"line":64,"column":4},"end":{"line":64,"column":50}},"38":{"start":{"line":65,"column":17},"end":{"line":68,"column":21}},"39":{"start":{"line":71,"column":4},"end":{"line":73,"column":5}},"40":{"start":{"line":72,"column":6},"end":{"line":72,"column":51}},"41":{"start":{"line":75,"column":22},"end":{"line":75,"column":70}},"42":{"start":{"line":76,"column":23},"end":{"line":76,"column":56}},"43":{"start":{"line":77,"column":4},"end":{"line":77,"column":24}},"44":{"start":{"line":78,"column":5},"end":{"line":78,"column":78}},"45":{"start":{"line":78,"column":40},"end":{"line":78,"column":76}},"46":{"start":{"line":78,"column":83},"end":{"line":80,"column":8}}},"fnMap":{"0":{"name":"_interopRequireDefault","decl":{"start":{"line":4,"column":46},"end":{"line":4,"column":68}},"loc":{"start":{"line":4,"column":74},"end":{"line":4,"column":130}},"line":4},"1":{"name":"(anonymous_1)","decl":{"start":{"line":9,"column":32},"end":{"line":9,"column":33}},"loc":{"start":{"line":9,"column":38},"end":{"line":24,"column":89}},"line":9},"2":{"name":"(anonymous_2)","decl":{"start":{"line":9,"column":75},"end":{"line":9,"column":76}},"loc":{"start":{"line":13,"column":2},"end":{"line":24,"column":3}},"line":13},"3":{"name":"_pollQueryCompletedState","decl":{"start":{"line":24,"column":21},"end":{"line":24,"column":45}},"loc":{"start":{"line":24,"column":50},"end":{"line":24,"column":87}},"line":24},"4":{"name":"(anonymous_4)","decl":{"start":{"line":26,"column":27},"end":{"line":26,"column":28}},"loc":{"start":{"line":26,"column":50},"end":{"line":44,"column":1}},"line":26},"5":{"name":"(anonymous_5)","decl":{"start":{"line":28,"column":72},"end":{"line":28,"column":73}},"loc":{"start":{"line":28,"column":96},"end":{"line":30,"column":3}},"line":28},"6":{"name":"(anonymous_6)","decl":{"start":{"line":33,"column":56},"end":{"line":33,"column":57}},"loc":{"start":{"line":33,"column":71},"end":{"line":41,"column":3}},"line":33},"7":{"name":"(anonymous_7)","decl":{"start":{"line":36,"column":52},"end":{"line":36,"column":53}},"loc":{"start":{"line":36,"column":87},"end":{"line":38,"column":5}},"line":36},"8":{"name":"(anonymous_8)","decl":{"start":{"line":46,"column":43},"end":{"line":46,"column":44}},"loc":{"start":{"line":46,"column":49},"end":{"line":78,"column":79}},"line":46},"9":{"name":"(anonymous_9)","decl":{"start":{"line":46,"column":87},"end":{"line":46,"column":88}},"loc":{"start":{"line":56,"column":2},"end":{"line":78,"column":3}},"line":56},"10":{"name":"executeQuery","decl":{"start":{"line":78,"column":21},"end":{"line":78,"column":33}},"loc":{"start":{"line":78,"column":39},"end":{"line":78,"column":77}},"line":78}},"branchMap":{"0":{"loc":{"start":{"line":4,"column":82},"end":{"line":4,"column":128}},"type":"cond-expr","locations":[{"start":{"line":4,"column":106},"end":{"line":4,"column":109}},{"start":{"line":4,"column":112},"end":{"line":4,"column":128}}],"line":4},"1":{"loc":{"start":{"line":4,"column":82},"end":{"line":4,"column":103}},"type":"binary-expr","locations":[{"start":{"line":4,"column":82},"end":{"line":4,"column":85}},{"start":{"line":4,"column":89},"end":{"line":4,"column":103}}],"line":4},"2":{"loc":{"start":{"line":16,"column":4},"end":{"line":21,"column":5}},"type":"if","locations":[{"start":{"line":16,"column":4},"end":{"line":21,"column":5}},{"start":{"line":16,"column":4},"end":{"line":21,"column":5}}],"line":16},"3":{"loc":{"start":{"line":16,"column":8},"end":{"line":16,"column":49}},"type":"binary-expr","locations":[{"start":{"line":16,"column":8},"end":{"line":16,"column":27}},{"start":{"line":16,"column":31},"end":{"line":16,"column":49}}],"line":16},"4":{"loc":{"start":{"line":47,"column":4},"end":{"line":47,"column":70}},"type":"default-arg","locations":[{"start":{"line":47,"column":13},"end":{"line":47,"column":70}}],"line":47},"5":{"loc":{"start":{"line":48,"column":4},"end":{"line":51,"column":83}},"type":"default-arg","locations":[{"start":{"line":48,"column":13},"end":{"line":51,"column":83}}],"line":48},"6":{"loc":{"start":{"line":54,"column":4},"end":{"line":54,"column":23}},"type":"default-arg","locations":[{"start":{"line":54,"column":19},"end":{"line":54,"column":23}}],"line":54},"7":{"loc":{"start":{"line":55,"column":4},"end":{"line":55,"column":35}},"type":"default-arg","locations":[{"start":{"line":55,"column":23},"end":{"line":55,"column":35}}],"line":55},"8":{"loc":{"start":{"line":71,"column":4},"end":{"line":73,"column":5}},"type":"if","locations":[{"start":{"line":71,"column":4},"end":{"line":73,"column":5}},{"start":{"line":71,"column":4},"end":{"line":73,"column":5}}],"line":71}},"s":{"0":0,"1":0,"2":0,"3":0,"4":0,"5":0,"6":0,"7":0,"8":0,"9":0,"10":0,"11":0,"12":0,"13":0,"14":0,"15":0,"16":0,"17":0,"18":0,"19":0,"20":0,"21":0,"22":0,"23":0,"24":0,"25":0,"26":0,"27":0,"28":0,"29":0,"30":0,"31":0,"32":0,"33":0,"34":0,"35":0,"36":0,"37":0,"38":0,"39":0,"40":0,"41":0,"42":0,"43":0,"44":0,"45":0,"46":0},"f":{"0":0,"1":0,"2":0,"3":0,"4":0,"5":0,"6":0,"7":0,"8":0,"9":0,"10":0},"b":{"0":[0,0],"1":[0,0],"2":[0,0],"3":[0,0],"4":[0],"5":[0],"6":[0],"7":[0],"8":[0,0]}}
,"/Users/isao/code/github/TobiiPro/aws-util-firecloud/src/bootstrap.js": {"path":"/Users/isao/code/github/TobiiPro/aws-util-firecloud/src/bootstrap.js","statementMap":{"0":{"start":{"line":1,"column":13},"end":{"line":1,"column":51}},"1":{"start":{"line":2,"column":0},"end":{"line":2,"column":51}},"2":{"start":{"line":3,"column":0},"end":{"line":3,"column":34}}},"fnMap":{},"branchMap":{},"s":{"0":0,"1":0,"2":0},"f":{},"b":{}}
,"/Users/isao/code/github/TobiiPro/aws-util-firecloud/src/cloudwatch.js": {"path":"/Users/isao/code/github/TobiiPro/aws-util-firecloud/src/cloudwatch.js","statementMap":{"0":{"start":{"line":1,"column":13},"end":{"line":1,"column":75}},"1":{"start":{"line":1,"column":75},"end":{"line":1,"column":110}},"2":{"start":{"line":1,"column":126},"end":{"line":1,"column":165}},"3":{"start":{"line":1,"column":189},"end":{"line":1,"column":216}},"4":{"start":{"line":1,"column":241},"end":{"line":1,"column":281}},"5":{"start":{"line":2,"column":14},"end":{"line":2,"column":32}},"6":{"start":{"line":2,"column":48},"end":{"line":2,"column":79}},"7":{"start":{"line":2,"column":118},"end":{"line":2,"column":172}},"8":{"start":{"line":4,"column":21},"end":{"line":28,"column":80}},"9":{"start":{"line":4,"column":65},"end":{"line":28,"column":4}},"10":{"start":{"line":13,"column":4},"end":{"line":13,"column":64}},"11":{"start":{"line":16,"column":4},"end":{"line":21,"column":5}},"12":{"start":{"line":18,"column":6},"end":{"line":18,"column":33}},"13":{"start":{"line":20,"column":6},"end":{"line":20,"column":43}},"14":{"start":{"line":23,"column":4},"end":{"line":25,"column":5}},"15":{"start":{"line":24,"column":6},"end":{"line":24,"column":82}},"16":{"start":{"line":27,"column":4},"end":{"line":27,"column":65}},"17":{"start":{"line":28,"column":5},"end":{"line":28,"column":76}},"18":{"start":{"line":28,"column":39},"end":{"line":28,"column":74}},"19":{"start":{"line":28,"column":81},"end":{"line":30,"column":8}}},"fnMap":{"0":{"name":"_interopRequireDefault","decl":{"start":{"line":2,"column":89},"end":{"line":2,"column":111}},"loc":{"start":{"line":2,"column":117},"end":{"line":2,"column":173}},"line":2},"1":{"name":"(anonymous_1)","decl":{"start":{"line":4,"column":47},"end":{"line":4,"column":48}},"loc":{"start":{"line":4,"column":53},"end":{"line":28,"column":77}},"line":4},"2":{"name":"(anonymous_2)","decl":{"start":{"line":4,"column":90},"end":{"line":4,"column":91}},"loc":{"start":{"line":9,"column":6},"end":{"line":28,"column":3}},"line":9},"3":{"name":"listAllMetrics","decl":{"start":{"line":28,"column":21},"end":{"line":28,"column":35}},"loc":{"start":{"line":28,"column":38},"end":{"line":28,"column":75}},"line":28}},"branchMap":{"0":{"loc":{"start":{"line":2,"column":125},"end":{"line":2,"column":171}},"type":"cond-expr","locations":[{"start":{"line":2,"column":149},"end":{"line":2,"column":152}},{"start":{"line":2,"column":155},"end":{"line":2,"column":171}}],"line":2},"1":{"loc":{"start":{"line":2,"column":125},"end":{"line":2,"column":146}},"type":"binary-expr","locations":[{"start":{"line":2,"column":125},"end":{"line":2,"column":128}},{"start":{"line":2,"column":132},"end":{"line":2,"column":146}}],"line":2},"2":{"loc":{"start":{"line":4,"column":101},"end":{"line":9,"column":4}},"type":"default-arg","locations":[{"start":{"line":9,"column":2},"end":{"line":9,"column":4}}],"line":4},"3":{"loc":{"start":{"line":5,"column":4},"end":{"line":5,"column":50}},"type":"default-arg","locations":[{"start":{"line":5,"column":17},"end":{"line":5,"column":50}}],"line":5},"4":{"loc":{"start":{"line":6,"column":4},"end":{"line":6,"column":24}},"type":"default-arg","locations":[{"start":{"line":6,"column":15},"end":{"line":6,"column":24}}],"line":6},"5":{"loc":{"start":{"line":7,"column":4},"end":{"line":7,"column":21}},"type":"default-arg","locations":[{"start":{"line":7,"column":12},"end":{"line":7,"column":21}}],"line":7},"6":{"loc":{"start":{"line":8,"column":4},"end":{"line":8,"column":16}},"type":"default-arg","locations":[{"start":{"line":8,"column":14},"end":{"line":8,"column":16}}],"line":8},"7":{"loc":{"start":{"line":16,"column":4},"end":{"line":21,"column":5}},"type":"if","locations":[{"start":{"line":16,"column":4},"end":{"line":21,"column":5}},{"start":{"line":16,"column":4},"end":{"line":21,"column":5}}],"line":16},"8":{"loc":{"start":{"line":23,"column":4},"end":{"line":25,"column":5}},"type":"if","locations":[{"start":{"line":23,"column":4},"end":{"line":25,"column":5}},{"start":{"line":23,"column":4},"end":{"line":25,"column":5}}],"line":23},"9":{"loc":{"start":{"line":24,"column":13},"end":{"line":24,"column":81}},"type":"cond-expr","locations":[{"start":{"line":24,"column":62},"end":{"line":24,"column":71}},{"start":{"line":24,"column":74},"end":{"line":24,"column":81}}],"line":24}},"s":{"0":0,"1":0,"2":0,"3":0,"4":0,"5":0,"6":0,"7":0,"8":0,"9":0,"10":0,"11":0,"12":0,"13":0,"14":0,"15":0,"16":0,"17":0,"18":0,"19":0},"f":{"0":0,"1":0,"2":0,"3":0},"b":{"0":[0,0],"1":[0,0],"2":[0],"3":[0],"4":[0],"5":[0],"6":[0],"7":[0,0],"8":[0,0],"9":[0,0]}}
,"/Users/isao/code/github/TobiiPro/aws-util-firecloud/src/config.js": {"path":"/Users/isao/code/github/TobiiPro/aws-util-firecloud/src/config.js","statementMap":{"0":{"start":{"line":1,"column":13},"end":{"line":1,"column":75}},"1":{"start":{"line":1,"column":75},"end":{"line":1,"column":117}},"2":{"start":{"line":1,"column":128},"end":{"line":1,"column":144}},"3":{"start":{"line":1,"column":157},"end":{"line":1,"column":185}},"4":{"start":{"line":2,"column":14},"end":{"line":2,"column":33}},"5":{"start":{"line":2,"column":49},"end":{"line":2,"column":80}},"6":{"start":{"line":2,"column":119},"end":{"line":2,"column":173}},"7":{"start":{"line":4,"column":10},"end":{"line":12,"column":1}},"8":{"start":{"line":5,"column":15},"end":{"line":5,"column":29}},"9":{"start":{"line":8,"column":2},"end":{"line":10,"column":31}},"10":{"start":{"line":14,"column":14},"end":{"line":14,"column":67}},"11":{"start":{"line":14,"column":68},"end":{"line":16,"column":8}}},"fnMap":{"0":{"name":"_interopRequireDefault","decl":{"start":{"line":2,"column":90},"end":{"line":2,"column":112}},"loc":{"start":{"line":2,"column":118},"end":{"line":2,"column":174}},"line":2},"1":{"name":"(anonymous_1)","decl":{"start":{"line":4,"column":24},"end":{"line":4,"column":25}},"loc":{"start":{"line":4,"column":43},"end":{"line":12,"column":1}},"line":4}},"branchMap":{"0":{"loc":{"start":{"line":2,"column":126},"end":{"line":2,"column":172}},"type":"cond-expr","locations":[{"start":{"line":2,"column":150},"end":{"line":2,"column":153}},{"start":{"line":2,"column":156},"end":{"line":2,"column":172}}],"line":2},"1":{"loc":{"start":{"line":2,"column":126},"end":{"line":2,"column":147}},"type":"binary-expr","locations":[{"start":{"line":2,"column":126},"end":{"line":2,"column":129}},{"start":{"line":2,"column":133},"end":{"line":2,"column":147}}],"line":2}},"s":{"0":0,"1":0,"2":0,"3":0,"4":0,"5":0,"6":0,"7":0,"8":0,"9":0,"10":0,"11":0},"f":{"0":0,"1":0},"b":{"0":[0,0],"1":[0,0]}}
,"/Users/isao/code/github/TobiiPro/aws-util-firecloud/src/dynamodb.js": {"path":"/Users/isao/code/github/TobiiPro/aws-util-firecloud/src/dynamodb.js","statementMap":{"0":{"start":{"line":4,"column":32},"end":{"line":14,"column":1}},"1":{"start":{"line":9,"column":2},"end":{"line":11,"column":3}},"2":{"start":{"line":10,"column":4},"end":{"line":10,"column":26}},"3":{"start":{"line":13,"column":2},"end":{"line":13,"column":55}},"4":{"start":{"line":16,"column":37},"end":{"line":22,"column":1}},"5":{"start":{"line":17,"column":11},"end":{"line":17,"column":29}},"6":{"start":{"line":18,"column":16},"end":{"line":18,"column":61}},"7":{"start":{"line":20,"column":28},"end":{"line":20,"column":50}},"8":{"start":{"line":21,"column":2},"end":{"line":21,"column":68}},"9":{"start":{"line":24,"column":31},"end":{"line":44,"column":1}},"10":{"start":{"line":25,"column":2},"end":{"line":27,"column":3}},"11":{"start":{"line":26,"column":4},"end":{"line":26,"column":16}},"12":{"start":{"line":29,"column":2},"end":{"line":29,"column":81}},"13":{"start":{"line":30,"column":2},"end":{"line":42,"column":5}},"14":{"start":{"line":31,"column":4},"end":{"line":31,"column":32}},"15":{"start":{"line":32,"column":4},"end":{"line":39,"column":7}},"16":{"start":{"line":33,"column":6},"end":{"line":33,"column":39}},"17":{"start":{"line":34,"column":21},"end":{"line":34,"column":58}},"18":{"start":{"line":35,"column":6},"end":{"line":35,"column":32}},"19":{"start":{"line":37,"column":6},"end":{"line":37,"column":53}},"20":{"start":{"line":38,"column":6},"end":{"line":38,"column":22}},"21":{"start":{"line":40,"column":4},"end":{"line":40,"column":28}},"22":{"start":{"line":41,"column":4},"end":{"line":41,"column":17}},"23":{"start":{"line":43,"column":2},"end":{"line":43,"column":14}},"24":{"start":{"line":46,"column":20},"end":{"line":106,"column":1}},"25":{"start":{"line":47,"column":11},"end":{"line":47,"column":44}},"26":{"start":{"line":49,"column":2},"end":{"line":49,"column":41}},"27":{"start":{"line":55,"column":2},"end":{"line":55,"column":25}},"28":{"start":{"line":56,"column":2},"end":{"line":56,"column":54}},"29":{"start":{"line":58,"column":2},"end":{"line":60,"column":3}},"30":{"start":{"line":59,"column":4},"end":{"line":59,"column":57}},"31":{"start":{"line":62,"column":21},"end":{"line":62,"column":25}},"32":{"start":{"line":63,"column":16},"end":{"line":63,"column":18}},"33":{"start":{"line":66,"column":13},"end":{"line":103,"column":3}},"34":{"start":{"line":67,"column":4},"end":{"line":75,"column":8}},"35":{"start":{"line":68,"column":25},"end":{"line":68,"column":42}},"36":{"start":{"line":69,"column":6},"end":{"line":69,"column":37}},"37":{"start":{"line":71,"column":6},"end":{"line":73,"column":7}},"38":{"start":{"line":72,"column":8},"end":{"line":72,"column":75}},"39":{"start":{"line":74,"column":6},"end":{"line":74,"column":63}},"40":{"start":{"line":77,"column":4},"end":{"line":92,"column":7}},"41":{"start":{"line":78,"column":21},"end":{"line":78,"column":56}},"42":{"start":{"line":80,"column":6},"end":{"line":84,"column":7}},"43":{"start":{"line":81,"column":8},"end":{"line":83,"column":10}},"44":{"start":{"line":86,"column":6},"end":{"line":86,"column":44}},"45":{"start":{"line":87,"column":6},"end":{"line":89,"column":48}},"46":{"start":{"line":91,"column":6},"end":{"line":91,"column":26}},"47":{"start":{"line":94,"column":4},"end":{"line":96,"column":5}},"48":{"start":{"line":95,"column":6},"end":{"line":95,"column":13}},"49":{"start":{"line":98,"column":4},"end":{"line":100,"column":5}},"50":{"start":{"line":99,"column":6},"end":{"line":99,"column":54}},"51":{"start":{"line":102,"column":4},"end":{"line":102,"column":17}},"52":{"start":{"line":105,"column":2},"end":{"line":105,"column":15}},"53":{"start":{"line":108,"column":19},"end":{"line":116,"column":1}},"54":{"start":{"line":109,"column":11},"end":{"line":109,"column":44}},"55":{"start":{"line":111,"column":2},"end":{"line":113,"column":5}},"56":{"start":{"line":112,"column":4},"end":{"line":112,"column":49}},"57":{"start":{"line":115,"column":2},"end":{"line":115,"column":38}}},"fnMap":{"0":{"name":"(anonymous_0)","decl":{"start":{"line":4,"column":32},"end":{"line":4,"column":33}},"loc":{"start":{"line":8,"column":3},"end":{"line":14,"column":1}},"line":8},"1":{"name":"(anonymous_1)","decl":{"start":{"line":16,"column":37},"end":{"line":16,"column":38}},"loc":{"start":{"line":16,"column":63},"end":{"line":22,"column":1}},"line":16},"2":{"name":"(anonymous_2)","decl":{"start":{"line":24,"column":31},"end":{"line":24,"column":32}},"loc":{"start":{"line":24,"column":46},"end":{"line":44,"column":1}},"line":24},"3":{"name":"(anonymous_3)","decl":{"start":{"line":30,"column":73},"end":{"line":30,"column":74}},"loc":{"start":{"line":30,"column":97},"end":{"line":42,"column":3}},"line":30},"4":{"name":"(anonymous_4)","decl":{"start":{"line":32,"column":25},"end":{"line":32,"column":26}},"loc":{"start":{"line":32,"column":40},"end":{"line":39,"column":5}},"line":32},"5":{"name":"(anonymous_5)","decl":{"start":{"line":46,"column":20},"end":{"line":46,"column":21}},"loc":{"start":{"line":46,"column":51},"end":{"line":106,"column":1}},"line":46},"6":{"name":"(anonymous_6)","decl":{"start":{"line":66,"column":13},"end":{"line":66,"column":14}},"loc":{"start":{"line":66,"column":30},"end":{"line":103,"column":3}},"line":66},"7":{"name":"(anonymous_7)","decl":{"start":{"line":67,"column":60},"end":{"line":67,"column":61}},"loc":{"start":{"line":67,"column":84},"end":{"line":75,"column":5}},"line":67},"8":{"name":"(anonymous_8)","decl":{"start":{"line":77,"column":23},"end":{"line":77,"column":24}},"loc":{"start":{"line":77,"column":40},"end":{"line":92,"column":5}},"line":77},"9":{"name":"(anonymous_9)","decl":{"start":{"line":108,"column":19},"end":{"line":108,"column":20}},"loc":{"start":{"line":108,"column":40},"end":{"line":116,"column":1}},"line":108},"10":{"name":"(anonymous_10)","decl":{"start":{"line":111,"column":44},"end":{"line":111,"column":45}},"loc":{"start":{"line":111,"column":60},"end":{"line":113,"column":3}},"line":111}},"branchMap":{"0":{"loc":{"start":{"line":6,"column":2},"end":{"line":6,"column":13}},"type":"default-arg","locations":[{"start":{"line":6,"column":11},"end":{"line":6,"column":13}}],"line":6},"1":{"loc":{"start":{"line":9,"column":2},"end":{"line":11,"column":3}},"type":"if","locations":[{"start":{"line":9,"column":2},"end":{"line":11,"column":3}},{"start":{"line":9,"column":2},"end":{"line":11,"column":3}}],"line":9},"2":{"loc":{"start":{"line":25,"column":2},"end":{"line":27,"column":3}},"type":"if","locations":[{"start":{"line":25,"column":2},"end":{"line":27,"column":3}},{"start":{"line":25,"column":2},"end":{"line":27,"column":3}}],"line":25},"3":{"loc":{"start":{"line":58,"column":2},"end":{"line":60,"column":3}},"type":"if","locations":[{"start":{"line":58,"column":2},"end":{"line":60,"column":3}},{"start":{"line":58,"column":2},"end":{"line":60,"column":3}}],"line":58},"4":{"loc":{"start":{"line":71,"column":6},"end":{"line":73,"column":7}},"type":"if","locations":[{"start":{"line":71,"column":6},"end":{"line":73,"column":7}},{"start":{"line":71,"column":6},"end":{"line":73,"column":7}}],"line":71},"5":{"loc":{"start":{"line":80,"column":6},"end":{"line":84,"column":7}},"type":"if","locations":[{"start":{"line":80,"column":6},"end":{"line":84,"column":7}},{"start":{"line":80,"column":6},"end":{"line":84,"column":7}}],"line":80},"6":{"loc":{"start":{"line":88,"column":8},"end":{"line":89,"column":47}},"type":"binary-expr","locations":[{"start":{"line":88,"column":8},"end":{"line":88,"column":39}},{"start":{"line":89,"column":8},"end":{"line":89,"column":47}}],"line":88},"7":{"loc":{"start":{"line":94,"column":4},"end":{"line":96,"column":5}},"type":"if","locations":[{"start":{"line":94,"column":4},"end":{"line":96,"column":5}},{"start":{"line":94,"column":4},"end":{"line":96,"column":5}}],"line":94},"8":{"loc":{"start":{"line":98,"column":4},"end":{"line":100,"column":5}},"type":"if","locations":[{"start":{"line":98,"column":4},"end":{"line":100,"column":5}},{"start":{"line":98,"column":4},"end":{"line":100,"column":5}}],"line":98},"9":{"loc":{"start":{"line":112,"column":11},"end":{"line":112,"column":48}},"type":"binary-expr","locations":[{"start":{"line":112,"column":11},"end":{"line":112,"column":32}},{"start":{"line":112,"column":36},"end":{"line":112,"column":48}}],"line":112}},"s":{"0":1,"1":0,"2":0,"3":0,"4":1,"5":0,"6":0,"7":0,"8":0,"9":1,"10":0,"11":0,"12":0,"13":0,"14":0,"15":0,"16":0,"17":0,"18":0,"19":0,"20":0,"21":0,"22":0,"23":0,"24":1,"25":0,"26":0,"27":0,"28":0,"29":0,"30":0,"31":0,"32":0,"33":0,"34":0,"35":0,"36":0,"37":0,"38":0,"39":0,"40":0,"41":0,"42":0,"43":0,"44":0,"45":0,"46":0,"47":0,"48":0,"49":0,"50":0,"51":0,"52":0,"53":1,"54":0,"55":0,"56":0,"57":0},"f":{"0":0,"1":0,"2":0,"3":0,"4":0,"5":0,"6":0,"7":0,"8":0,"9":0,"10":0},"b":{"0":[0],"1":[0,0],"2":[0,0],"3":[0,0],"4":[0,0],"5":[0,0],"6":[0,0],"7":[0,0],"8":[0,0],"9":[0,0]},"_coverageSchema":"332fd63041d2c1bcb487cc26dd0d5f7d97098a6c","hash":"740f29d27a920b2be71fafe65cfefc9687ca8892"}
,"/Users/isao/code/github/TobiiPro/aws-util-firecloud/src/ec2.js": {"path":"/Users/isao/code/github/TobiiPro/aws-util-firecloud/src/ec2.js","statementMap":{"0":{"start":{"line":1,"column":13},"end":{"line":1,"column":75}},"1":{"start":{"line":1,"column":75},"end":{"line":1,"column":150}},"2":{"start":{"line":1,"column":173},"end":{"line":1,"column":200}},"3":{"start":{"line":1,"column":225},"end":{"line":1,"column":265}},"4":{"start":{"line":1,"column":304},"end":{"line":1,"column":358}},"5":{"start":{"line":3,"column":31},"end":{"line":56,"column":26}},"6":{"start":{"line":59,"column":28},"end":{"line":65,"column":1}},"7":{"start":{"line":60,"column":2},"end":{"line":62,"column":3}},"8":{"start":{"line":61,"column":4},"end":{"line":61,"column":62}},"9":{"start":{"line":64,"column":2},"end":{"line":64,"column":46}},"10":{"start":{"line":65,"column":2},"end":{"line":67,"column":8}}},"fnMap":{"0":{"name":"_interopRequireDefault","decl":{"start":{"line":1,"column":275},"end":{"line":1,"column":297}},"loc":{"start":{"line":1,"column":303},"end":{"line":1,"column":359}},"line":1},"1":{"name":"(anonymous_1)","decl":{"start":{"line":59,"column":60},"end":{"line":59,"column":61}},"loc":{"start":{"line":59,"column":88},"end":{"line":65,"column":1}},"line":59}},"branchMap":{"0":{"loc":{"start":{"line":1,"column":311},"end":{"line":1,"column":357}},"type":"cond-expr","locations":[{"start":{"line":1,"column":335},"end":{"line":1,"column":338}},{"start":{"line":1,"column":341},"end":{"line":1,"column":357}}],"line":1},"1":{"loc":{"start":{"line":1,"column":311},"end":{"line":1,"column":332}},"type":"binary-expr","locations":[{"start":{"line":1,"column":311},"end":{"line":1,"column":314}},{"start":{"line":1,"column":318},"end":{"line":1,"column":332}}],"line":1},"2":{"loc":{"start":{"line":60,"column":2},"end":{"line":62,"column":3}},"type":"if","locations":[{"start":{"line":60,"column":2},"end":{"line":62,"column":3}},{"start":{"line":60,"column":2},"end":{"line":62,"column":3}}],"line":60}},"s":{"0":0,"1":0,"2":0,"3":0,"4":0,"5":0,"6":0,"7":0,"8":0,"9":0,"10":0},"f":{"0":0,"1":0},"b":{"0":[0,0],"1":[0,0],"2":[0,0]}}
,"/Users/isao/code/github/TobiiPro/aws-util-firecloud/src/env.js": {"path":"/Users/isao/code/github/TobiiPro/aws-util-firecloud/src/env.js","statementMap":{"0":{"start":{"line":1,"column":13},"end":{"line":1,"column":75}},"1":{"start":{"line":1,"column":75},"end":{"line":1,"column":136}},"2":{"start":{"line":1,"column":159},"end":{"line":1,"column":186}},"3":{"start":{"line":1,"column":211},"end":{"line":1,"column":251}},"4":{"start":{"line":1,"column":290},"end":{"line":1,"column":344}},"5":{"start":{"line":3,"column":15},"end":{"line":16,"column":1}},"6":{"start":{"line":5,"column":2},"end":{"line":14,"column":9}},"7":{"start":{"line":7,"column":6},"end":{"line":9,"column":7}},"8":{"start":{"line":8,"column":8},"end":{"line":8,"column":22}},"9":{"start":{"line":10,"column":6},"end":{"line":12,"column":7}},"10":{"start":{"line":11,"column":8},"end":{"line":11,"column":57}},"11":{"start":{"line":13,"column":6},"end":{"line":13,"column":30}},"12":{"start":{"line":18,"column":14},"end":{"line":18,"column":70}},"13":{"start":{"line":21,"column":10},"end":{"line":21,"column":31}},"14":{"start":{"line":21,"column":32},"end":{"line":23,"column":8}}},"fnMap":{"0":{"name":"_interopRequireDefault","decl":{"start":{"line":1,"column":261},"end":{"line":1,"column":283}},"loc":{"start":{"line":1,"column":289},"end":{"line":1,"column":345}},"line":1},"1":{"name":"(anonymous_1)","decl":{"start":{"line":3,"column":34},"end":{"line":3,"column":35}},"loc":{"start":{"line":3,"column":53},"end":{"line":16,"column":1}},"line":3},"2":{"name":"(anonymous_2)","decl":{"start":{"line":6,"column":9},"end":{"line":6,"column":10}},"loc":{"start":{"line":6,"column":48},"end":{"line":14,"column":5}},"line":6}},"branchMap":{"0":{"loc":{"start":{"line":1,"column":297},"end":{"line":1,"column":343}},"type":"cond-expr","locations":[{"start":{"line":1,"column":321},"end":{"line":1,"column":324}},{"start":{"line":1,"column":327},"end":{"line":1,"column":343}}],"line":1},"1":{"loc":{"start":{"line":1,"column":297},"end":{"line":1,"column":318}},"type":"binary-expr","locations":[{"start":{"line":1,"column":297},"end":{"line":1,"column":300}},{"start":{"line":1,"column":304},"end":{"line":1,"column":318}}],"line":1},"2":{"loc":{"start":{"line":7,"column":6},"end":{"line":9,"column":7}},"type":"if","locations":[{"start":{"line":7,"column":6},"end":{"line":9,"column":7}},{"start":{"line":7,"column":6},"end":{"line":9,"column":7}}],"line":7},"3":{"loc":{"start":{"line":10,"column":6},"end":{"line":12,"column":7}},"type":"if","locations":[{"start":{"line":10,"column":6},"end":{"line":12,"column":7}},{"start":{"line":10,"column":6},"end":{"line":12,"column":7}}],"line":10}},"s":{"0":0,"1":0,"2":0,"3":0,"4":0,"5":0,"6":0,"7":0,"8":0,"9":0,"10":0,"11":0,"12":0,"13":0,"14":0},"f":{"0":0,"1":0,"2":0},"b":{"0":[0,0],"1":[0,0],"2":[0,0],"3":[0,0]}}
,"/Users/isao/code/github/TobiiPro/aws-util-firecloud/src/express-middleware.js": {"path":"/Users/isao/code/github/TobiiPro/aws-util-firecloud/src/express-middleware.js","statementMap":{"0":{"start":{"line":1,"column":13},"end":{"line":1,"column":75}},"1":{"start":{"line":1,"column":75},"end":{"line":1,"column":105}},"2":{"start":{"line":1,"column":121},"end":{"line":1,"column":160}},"3":{"start":{"line":1,"column":184},"end":{"line":1,"column":211}},"4":{"start":{"line":1,"column":236},"end":{"line":1,"column":276}},"5":{"start":{"line":3,"column":14},"end":{"line":3,"column":33}},"6":{"start":{"line":3,"column":72},"end":{"line":3,"column":126}},"7":{"start":{"line":26,"column":16},"end":{"line":60,"column":1}},"8":{"start":{"line":27,"column":2},"end":{"line":59,"column":70}},"9":{"start":{"line":27,"column":54},"end":{"line":59,"column":6}},"10":{"start":{"line":28,"column":16},"end":{"line":28,"column":23}},"11":{"start":{"line":29,"column":16},"end":{"line":29,"column":37}},"12":{"start":{"line":31,"column":6},"end":{"line":58,"column":7}},"13":{"start":{"line":32,"column":8},"end":{"line":32,"column":26}},"14":{"start":{"line":34,"column":8},"end":{"line":34,"column":31}},"15":{"start":{"line":35,"column":8},"end":{"line":37,"column":9}},"16":{"start":{"line":36,"column":10},"end":{"line":36,"column":17}},"17":{"start":{"line":40,"column":8},"end":{"line":42,"column":9}},"18":{"start":{"line":41,"column":10},"end":{"line":41,"column":85}},"19":{"start":{"line":44,"column":8},"end":{"line":44,"column":55}},"20":{"start":{"line":46,"column":8},"end":{"line":46,"column":24}},"21":{"start":{"line":47,"column":8},"end":{"line":47,"column":60}},"22":{"start":{"line":48,"column":8},"end":{"line":54,"column":19}},"23":{"start":{"line":59,"column":7},"end":{"line":59,"column":64}},"24":{"start":{"line":59,"column":27},"end":{"line":59,"column":62}},"25":{"start":{"line":60,"column":2},"end":{"line":62,"column":8}}},"fnMap":{"0":{"name":"_interopRequireDefault","decl":{"start":{"line":3,"column":43},"end":{"line":3,"column":65}},"loc":{"start":{"line":3,"column":71},"end":{"line":3,"column":127}},"line":3},"1":{"name":"(anonymous_1)","decl":{"start":{"line":26,"column":36},"end":{"line":26,"column":37}},"loc":{"start":{"line":26,"column":50},"end":{"line":60,"column":1}},"line":26},"2":{"name":"(anonymous_2)","decl":{"start":{"line":27,"column":36},"end":{"line":27,"column":37}},"loc":{"start":{"line":27,"column":42},"end":{"line":59,"column":65}},"line":27},"3":{"name":"(anonymous_3)","decl":{"start":{"line":27,"column":79},"end":{"line":27,"column":80}},"loc":{"start":{"line":27,"column":99},"end":{"line":59,"column":5}},"line":27},"4":{"name":"(anonymous_4)","decl":{"start":{"line":59,"column":14},"end":{"line":59,"column":15}},"loc":{"start":{"line":59,"column":26},"end":{"line":59,"column":63}},"line":59}},"branchMap":{"0":{"loc":{"start":{"line":3,"column":79},"end":{"line":3,"column":125}},"type":"cond-expr","locations":[{"start":{"line":3,"column":103},"end":{"line":3,"column":106}},{"start":{"line":3,"column":109},"end":{"line":3,"column":125}}],"line":3},"1":{"loc":{"start":{"line":3,"column":79},"end":{"line":3,"column":100}},"type":"binary-expr","locations":[{"start":{"line":3,"column":79},"end":{"line":3,"column":82}},{"start":{"line":3,"column":86},"end":{"line":3,"column":100}}],"line":3},"2":{"loc":{"start":{"line":35,"column":8},"end":{"line":37,"column":9}},"type":"if","locations":[{"start":{"line":35,"column":8},"end":{"line":37,"column":9}},{"start":{"line":35,"column":8},"end":{"line":37,"column":9}}],"line":35},"3":{"loc":{"start":{"line":40,"column":8},"end":{"line":42,"column":9}},"type":"if","locations":[{"start":{"line":40,"column":8},"end":{"line":42,"column":9}},{"start":{"line":40,"column":8},"end":{"line":42,"column":9}}],"line":40},"4":{"loc":{"start":{"line":41,"column":18},"end":{"line":41,"column":84}},"type":"cond-expr","locations":[{"start":{"line":41,"column":30},"end":{"line":41,"column":78}},{"start":{"line":41,"column":81},"end":{"line":41,"column":84}}],"line":41}},"s":{"0":0,"1":0,"2":0,"3":0,"4":0,"5":0,"6":0,"7":0,"8":0,"9":0,"10":0,"11":0,"12":0,"13":0,"14":0,"15":0,"16":0,"17":0,"18":0,"19":0,"20":0,"21":0,"22":0,"23":0,"24":0,"25":0},"f":{"0":0,"1":0,"2":0,"3":0,"4":0},"b":{"0":[0,0],"1":[0,0],"2":[0,0],"3":[0,0],"4":[0,0]}}
,"/Users/isao/code/github/TobiiPro/aws-util-firecloud/src/express.js": {"path":"/Users/isao/code/github/TobiiPro/aws-util-firecloud/src/express.js","statementMap":{"0":{"start":{"line":1,"column":13},"end":{"line":1,"column":75}},"1":{"start":{"line":1,"column":75},"end":{"line":1,"column":295}},"2":{"start":{"line":1,"column":311},"end":{"line":1,"column":350}},"3":{"start":{"line":2,"column":23},"end":{"line":2,"column":50}},"4":{"start":{"line":2,"column":75},"end":{"line":2,"column":115}},"5":{"start":{"line":3,"column":16},"end":{"line":3,"column":34}},"6":{"start":{"line":3,"column":51},"end":{"line":3,"column":84}},"7":{"start":{"line":4,"column":26},"end":{"line":4,"column":57}},"8":{"start":{"line":4,"column":85},"end":{"line":4,"column":128}},"9":{"start":{"line":5,"column":12},"end":{"line":5,"column":27}},"10":{"start":{"line":5,"column":41},"end":{"line":5,"column":70}},"11":{"start":{"line":6,"column":12},"end":{"line":6,"column":27}},"12":{"start":{"line":6,"column":41},"end":{"line":6,"column":70}},"13":{"start":{"line":7,"column":20},"end":{"line":7,"column":44}},"14":{"start":{"line":7,"column":66},"end":{"line":7,"column":103}},"15":{"start":{"line":8,"column":11},"end":{"line":8,"column":25}},"16":{"start":{"line":8,"column":38},"end":{"line":8,"column":66}},"17":{"start":{"line":10,"column":18},"end":{"line":10,"column":40}},"18":{"start":{"line":14,"column":25},"end":{"line":14,"column":56}},"19":{"start":{"line":18,"column":14},"end":{"line":18,"column":33}},"20":{"start":{"line":18,"column":72},"end":{"line":18,"column":126}},"21":{"start":{"line":23,"column":18},"end":{"line":36,"column":1}},"22":{"start":{"line":24,"column":19},"end":{"line":24,"column":23}},"23":{"start":{"line":25,"column":2},"end":{"line":25,"column":21}},"24":{"start":{"line":26,"column":16},"end":{"line":26,"column":31}},"25":{"start":{"line":29,"column":2},"end":{"line":31,"column":5}},"26":{"start":{"line":30,"column":4},"end":{"line":30,"column":38}},"27":{"start":{"line":33,"column":2},"end":{"line":33,"column":31}},"28":{"start":{"line":34,"column":2},"end":{"line":34,"column":83}},"29":{"start":{"line":35,"column":2},"end":{"line":35,"column":35}},"30":{"start":{"line":38,"column":15},"end":{"line":61,"column":1}},"31":{"start":{"line":39,"column":2},"end":{"line":39,"column":22}},"32":{"start":{"line":41,"column":2},"end":{"line":43,"column":3}},"33":{"start":{"line":42,"column":4},"end":{"line":42,"column":40}},"34":{"start":{"line":45,"column":2},"end":{"line":58,"column":3}},"35":{"start":{"line":48,"column":16},"end":{"line":48,"column":35}},"36":{"start":{"line":49,"column":4},"end":{"line":57,"column":5}},"37":{"start":{"line":50,"column":6},"end":{"line":56,"column":37}},"38":{"start":{"line":60,"column":2},"end":{"line":60,"column":25}},"39":{"start":{"line":63,"column":20},"end":{"line":79,"column":1}},"40":{"start":{"line":64,"column":2},"end":{"line":64,"column":22}},"41":{"start":{"line":66,"column":20},"end":{"line":66,"column":46}},"42":{"start":{"line":67,"column":13},"end":{"line":72,"column":13}},"43":{"start":{"line":73,"column":2},"end":{"line":73,"column":31}},"44":{"start":{"line":75,"column":12},"end":{"line":75,"column":23}},"45":{"start":{"line":76,"column":2},"end":{"line":76,"column":47}},"46":{"start":{"line":77,"column":2},"end":{"line":77,"column":18}},"47":{"start":{"line":78,"column":2},"end":{"line":78,"column":13}},"48":{"start":{"line":81,"column":18},"end":{"line":102,"column":1}},"49":{"start":{"line":82,"column":17},"end":{"line":82,"column":21}},"50":{"start":{"line":83,"column":2},"end":{"line":89,"column":3}},"51":{"start":{"line":84,"column":4},"end":{"line":86,"column":5}},"52":{"start":{"line":85,"column":6},"end":{"line":85,"column":35}},"53":{"start":{"line":88,"column":4},"end":{"line":88,"column":61}},"54":{"start":{"line":91,"column":2},"end":{"line":99,"column":3}},"55":{"start":{"line":92,"column":16},"end":{"line":92,"column":35}},"56":{"start":{"line":93,"column":4},"end":{"line":98,"column":5}},"57":{"start":{"line":94,"column":6},"end":{"line":96,"column":40}},"58":{"start":{"line":101,"column":2},"end":{"line":101,"column":14}},"59":{"start":{"line":104,"column":19},"end":{"line":116,"column":1}},"60":{"start":{"line":105,"column":2},"end":{"line":115,"column":82}},"61":{"start":{"line":105,"column":62},"end":{"line":115,"column":6}},"62":{"start":{"line":106,"column":6},"end":{"line":106,"column":28}},"63":{"start":{"line":107,"column":6},"end":{"line":107,"column":24}},"64":{"start":{"line":108,"column":6},"end":{"line":108,"column":58}},"65":{"start":{"line":109,"column":6},"end":{"line":109,"column":85}},"66":{"start":{"line":110,"column":20},"end":{"line":110,"column":28}},"67":{"start":{"line":111,"column":6},"end":{"line":111,"column":77}},"68":{"start":{"line":112,"column":6},"end":{"line":112,"column":80}},"69":{"start":{"line":113,"column":6},"end":{"line":113,"column":81}},"70":{"start":{"line":114,"column":6},"end":{"line":114,"column":13}},"71":{"start":{"line":115,"column":7},"end":{"line":115,"column":76}},"72":{"start":{"line":115,"column":39},"end":{"line":115,"column":74}},"73":{"start":{"line":118,"column":16},"end":{"line":125,"column":1}},"74":{"start":{"line":119,"column":2},"end":{"line":124,"column":84}},"75":{"start":{"line":119,"column":63},"end":{"line":124,"column":6}},"76":{"start":{"line":120,"column":6},"end":{"line":122,"column":9}},"77":{"start":{"line":121,"column":8},"end":{"line":121,"column":73}},"78":{"start":{"line":123,"column":6},"end":{"line":123,"column":13}},"79":{"start":{"line":124,"column":7},"end":{"line":124,"column":78}},"80":{"start":{"line":124,"column":40},"end":{"line":124,"column":76}},"81":{"start":{"line":127,"column":17},"end":{"line":132,"column":1}},"82":{"start":{"line":128,"column":16},"end":{"line":128,"column":23}},"83":{"start":{"line":129,"column":16},"end":{"line":129,"column":98}},"84":{"start":{"line":130,"column":2},"end":{"line":130,"column":24}},"85":{"start":{"line":131,"column":2},"end":{"line":131,"column":17}},"86":{"start":{"line":134,"column":17},"end":{"line":143,"column":1}},"87":{"start":{"line":135,"column":16},"end":{"line":135,"column":43}},"88":{"start":{"line":136,"column":2},"end":{"line":139,"column":15}},"89":{"start":{"line":142,"column":2},"end":{"line":142,"column":17}},"90":{"start":{"line":145,"column":14},"end":{"line":182,"column":1}},"91":{"start":{"line":146,"column":12},"end":{"line":146,"column":36}},"92":{"start":{"line":148,"column":2},"end":{"line":148,"column":30}},"93":{"start":{"line":149,"column":2},"end":{"line":149,"column":22}},"94":{"start":{"line":150,"column":2},"end":{"line":150,"column":28}},"95":{"start":{"line":151,"column":2},"end":{"line":151,"column":28}},"96":{"start":{"line":152,"column":2},"end":{"line":152,"column":34}},"97":{"start":{"line":155,"column":13},"end":{"line":155,"column":111}},"98":{"start":{"line":156,"column":2},"end":{"line":161,"column":3}},"99":{"start":{"line":158,"column":19},"end":{"line":158,"column":96}},"100":{"start":{"line":159,"column":4},"end":{"line":159,"column":21}},"101":{"start":{"line":160,"column":4},"end":{"line":160,"column":41}},"102":{"start":{"line":163,"column":2},"end":{"line":163,"column":41}},"103":{"start":{"line":164,"column":2},"end":{"line":171,"column":6}},"104":{"start":{"line":172,"column":2},"end":{"line":172,"column":47}},"105":{"start":{"line":173,"column":2},"end":{"line":173,"column":34}},"106":{"start":{"line":174,"column":2},"end":{"line":174,"column":31}},"107":{"start":{"line":176,"column":2},"end":{"line":179,"column":85}},"108":{"start":{"line":176,"column":64},"end":{"line":179,"column":6}},"109":{"start":{"line":177,"column":6},"end":{"line":177,"column":54}},"110":{"start":{"line":178,"column":6},"end":{"line":178,"column":13}},"111":{"start":{"line":179,"column":7},"end":{"line":179,"column":78}},"112":{"start":{"line":179,"column":40},"end":{"line":179,"column":76}},"113":{"start":{"line":181,"column":2},"end":{"line":181,"column":13}},"114":{"start":{"line":185,"column":16},"end":{"line":271,"column":1}},"115":{"start":{"line":186,"column":2},"end":{"line":270,"column":96}},"116":{"start":{"line":186,"column":52},"end":{"line":270,"column":6}},"117":{"start":{"line":188,"column":6},"end":{"line":188,"column":89}},"118":{"start":{"line":190,"column":28},"end":{"line":236,"column":13}},"119":{"start":{"line":192,"column":8},"end":{"line":194,"column":9}},"120":{"start":{"line":193,"column":10},"end":{"line":193,"column":17}},"121":{"start":{"line":195,"column":36},"end":{"line":195,"column":66}},"122":{"start":{"line":196,"column":8},"end":{"line":198,"column":9}},"123":{"start":{"line":197,"column":10},"end":{"line":197,"column":17}},"124":{"start":{"line":200,"column":8},"end":{"line":200,"column":39}},"125":{"start":{"line":202,"column":21},"end":{"line":202,"column":24}},"126":{"start":{"line":203,"column":20},"end":{"line":203,"column":40}},"127":{"start":{"line":205,"column":8},"end":{"line":214,"column":9}},"128":{"start":{"line":212,"column":10},"end":{"line":212,"column":23}},"129":{"start":{"line":213,"column":10},"end":{"line":213,"column":40}},"130":{"start":{"line":217,"column":8},"end":{"line":217,"column":114}},"131":{"start":{"line":219,"column":8},"end":{"line":219,"column":102}},"132":{"start":{"line":221,"column":8},"end":{"line":231,"column":42}},"133":{"start":{"line":238,"column":6},"end":{"line":269,"column":10}},"134":{"start":{"line":239,"column":8},"end":{"line":268,"column":11}},"135":{"start":{"line":240,"column":10},"end":{"line":263,"column":15}},"136":{"start":{"line":243,"column":12},"end":{"line":247,"column":16}},"137":{"start":{"line":246,"column":14},"end":{"line":246,"column":43}},"138":{"start":{"line":250,"column":12},"end":{"line":254,"column":16}},"139":{"start":{"line":253,"column":14},"end":{"line":253,"column":42}},"140":{"start":{"line":257,"column":12},"end":{"line":261,"column":16}},"141":{"start":{"line":260,"column":14},"end":{"line":260,"column":37}},"142":{"start":{"line":265,"column":10},"end":{"line":265,"column":41}},"143":{"start":{"line":267,"column":10},"end":{"line":267,"column":29}},"144":{"start":{"line":270,"column":7},"end":{"line":270,"column":81}},"145":{"start":{"line":270,"column":43},"end":{"line":270,"column":79}},"146":{"start":{"line":271,"column":2},"end":{"line":273,"column":8}}},"fnMap":{"0":{"name":"_interopRequireDefault","decl":{"start":{"line":18,"column":43},"end":{"line":18,"column":65}},"loc":{"start":{"line":18,"column":71},"end":{"line":18,"column":127}},"line":18},"1":{"name":"(anonymous_1)","decl":{"start":{"line":23,"column":40},"end":{"line":23,"column":41}},"loc":{"start":{"line":23,"column":56},"end":{"line":36,"column":1}},"line":23},"2":{"name":"(anonymous_2)","decl":{"start":{"line":29,"column":42},"end":{"line":29,"column":43}},"loc":{"start":{"line":29,"column":64},"end":{"line":31,"column":3}},"line":29},"3":{"name":"(anonymous_3)","decl":{"start":{"line":38,"column":34},"end":{"line":38,"column":35}},"loc":{"start":{"line":38,"column":70},"end":{"line":61,"column":1}},"line":38},"4":{"name":"(anonymous_4)","decl":{"start":{"line":63,"column":44},"end":{"line":63,"column":45}},"loc":{"start":{"line":63,"column":79},"end":{"line":79,"column":1}},"line":63},"5":{"name":"(anonymous_5)","decl":{"start":{"line":81,"column":40},"end":{"line":81,"column":41}},"loc":{"start":{"line":81,"column":52},"end":{"line":102,"column":1}},"line":81},"6":{"name":"(anonymous_6)","decl":{"start":{"line":104,"column":42},"end":{"line":104,"column":43}},"loc":{"start":{"line":104,"column":54},"end":{"line":116,"column":1}},"line":104},"7":{"name":"(anonymous_7)","decl":{"start":{"line":105,"column":44},"end":{"line":105,"column":45}},"loc":{"start":{"line":105,"column":50},"end":{"line":115,"column":77}},"line":105},"8":{"name":"(anonymous_8)","decl":{"start":{"line":105,"column":87},"end":{"line":105,"column":88}},"loc":{"start":{"line":105,"column":114},"end":{"line":115,"column":5}},"line":105},"9":{"name":"(anonymous_9)","decl":{"start":{"line":115,"column":14},"end":{"line":115,"column":15}},"loc":{"start":{"line":115,"column":38},"end":{"line":115,"column":75}},"line":115},"10":{"name":"(anonymous_10)","decl":{"start":{"line":118,"column":36},"end":{"line":118,"column":37}},"loc":{"start":{"line":118,"column":48},"end":{"line":125,"column":1}},"line":118},"11":{"name":"(anonymous_11)","decl":{"start":{"line":119,"column":44},"end":{"line":119,"column":45}},"loc":{"start":{"line":119,"column":50},"end":{"line":124,"column":79}},"line":119},"12":{"name":"(anonymous_12)","decl":{"start":{"line":119,"column":88},"end":{"line":119,"column":89}},"loc":{"start":{"line":119,"column":116},"end":{"line":124,"column":5}},"line":119},"13":{"name":"(anonymous_13)","decl":{"start":{"line":120,"column":67},"end":{"line":120,"column":68}},"loc":{"start":{"line":120,"column":90},"end":{"line":122,"column":7}},"line":120},"14":{"name":"(anonymous_14)","decl":{"start":{"line":124,"column":14},"end":{"line":124,"column":15}},"loc":{"start":{"line":124,"column":39},"end":{"line":124,"column":77}},"line":124},"15":{"name":"(anonymous_15)","decl":{"start":{"line":127,"column":38},"end":{"line":127,"column":39}},"loc":{"start":{"line":127,"column":57},"end":{"line":132,"column":1}},"line":127},"16":{"name":"(anonymous_16)","decl":{"start":{"line":134,"column":38},"end":{"line":134,"column":39}},"loc":{"start":{"line":134,"column":72},"end":{"line":143,"column":1}},"line":134},"17":{"name":"(anonymous_17)","decl":{"start":{"line":145,"column":32},"end":{"line":145,"column":33}},"loc":{"start":{"line":145,"column":49},"end":{"line":182,"column":1}},"line":145},"18":{"name":"(anonymous_18)","decl":{"start":{"line":176,"column":45},"end":{"line":176,"column":46}},"loc":{"start":{"line":176,"column":51},"end":{"line":179,"column":79}},"line":176},"19":{"name":"(anonymous_19)","decl":{"start":{"line":176,"column":89},"end":{"line":176,"column":90}},"loc":{"start":{"line":176,"column":117},"end":{"line":179,"column":5}},"line":176},"20":{"name":"(anonymous_20)","decl":{"start":{"line":179,"column":14},"end":{"line":179,"column":15}},"loc":{"start":{"line":179,"column":39},"end":{"line":179,"column":77}},"line":179},"21":{"name":"(anonymous_21)","decl":{"start":{"line":185,"column":36},"end":{"line":185,"column":37}},"loc":{"start":{"line":185,"column":59},"end":{"line":271,"column":1}},"line":185},"22":{"name":"(anonymous_22)","decl":{"start":{"line":186,"column":33},"end":{"line":186,"column":34}},"loc":{"start":{"line":186,"column":39},"end":{"line":270,"column":82}},"line":186},"23":{"name":"(anonymous_23)","decl":{"start":{"line":186,"column":77},"end":{"line":186,"column":78}},"loc":{"start":{"line":186,"column":102},"end":{"line":270,"column":5}},"line":186},"24":{"name":"(anonymous_24)","decl":{"start":{"line":190,"column":40},"end":{"line":190,"column":41}},"loc":{"start":{"line":190,"column":52},"end":{"line":236,"column":7}},"line":190},"25":{"name":"(anonymous_25)","decl":{"start":{"line":238,"column":141},"end":{"line":238,"column":142}},"loc":{"start":{"line":238,"column":154},"end":{"line":269,"column":7}},"line":238},"26":{"name":"(anonymous_26)","decl":{"start":{"line":239,"column":36},"end":{"line":239,"column":37}},"loc":{"start":{"line":239,"column":67},"end":{"line":264,"column":9}},"line":239},"27":{"name":"(anonymous_27)","decl":{"start":{"line":240,"column":35},"end":{"line":240,"column":36}},"loc":{"start":{"line":240,"column":48},"end":{"line":263,"column":11}},"line":240},"28":{"name":"(anonymous_28)","decl":{"start":{"line":245,"column":12},"end":{"line":245,"column":13}},"loc":{"start":{"line":245,"column":25},"end":{"line":247,"column":13}},"line":245},"29":{"name":"(anonymous_29)","decl":{"start":{"line":252,"column":12},"end":{"line":252,"column":13}},"loc":{"start":{"line":252,"column":25},"end":{"line":254,"column":13}},"line":252},"30":{"name":"(anonymous_30)","decl":{"start":{"line":259,"column":12},"end":{"line":259,"column":13}},"loc":{"start":{"line":259,"column":25},"end":{"line":261,"column":13}},"line":259},"31":{"name":"(anonymous_31)","decl":{"start":{"line":264,"column":19},"end":{"line":264,"column":20}},"loc":{"start":{"line":264,"column":31},"end":{"line":268,"column":9}},"line":264},"32":{"name":"(anonymous_32)","decl":{"start":{"line":270,"column":14},"end":{"line":270,"column":15}},"loc":{"start":{"line":270,"column":42},"end":{"line":270,"column":80}},"line":270}},"branchMap":{"0":{"loc":{"start":{"line":18,"column":79},"end":{"line":18,"column":125}},"type":"cond-expr","locations":[{"start":{"line":18,"column":103},"end":{"line":18,"column":106}},{"start":{"line":18,"column":109},"end":{"line":18,"column":125}}],"line":18},"1":{"loc":{"start":{"line":18,"column":79},"end":{"line":18,"column":100}},"type":"binary-expr","locations":[{"start":{"line":18,"column":79},"end":{"line":18,"column":82}},{"start":{"line":18,"column":86},"end":{"line":18,"column":100}}],"line":18},"2":{"loc":{"start":{"line":41,"column":2},"end":{"line":43,"column":3}},"type":"if","locations":[{"start":{"line":41,"column":2},"end":{"line":43,"column":3}},{"start":{"line":41,"column":2},"end":{"line":43,"column":3}}],"line":41},"3":{"loc":{"start":{"line":45,"column":2},"end":{"line":58,"column":3}},"type":"if","locations":[{"start":{"line":45,"column":2},"end":{"line":58,"column":3}},{"start":{"line":45,"column":2},"end":{"line":58,"column":3}}],"line":45},"4":{"loc":{"start":{"line":45,"column":6},"end":{"line":46,"column":96}},"type":"binary-expr","locations":[{"start":{"line":45,"column":6},"end":{"line":45,"column":59}},{"start":{"line":46,"column":2},"end":{"line":46,"column":96}}],"line":45},"5":{"loc":{"start":{"line":49,"column":4},"end":{"line":57,"column":5}},"type":"if","locations":[{"start":{"line":49,"column":4},"end":{"line":57,"column":5}},{"start":{"line":49,"column":4},"end":{"line":57,"column":5}}],"line":49},"6":{"loc":{"start":{"line":63,"column":62},"end":{"line":63,"column":77}},"type":"default-arg","locations":[{"start":{"line":63,"column":75},"end":{"line":63,"column":77}}],"line":63},"7":{"loc":{"start":{"line":84,"column":4},"end":{"line":86,"column":5}},"type":"if","locations":[{"start":{"line":84,"column":4},"end":{"line":86,"column":5}},{"start":{"line":84,"column":4},"end":{"line":86,"column":5}}],"line":84},"8":{"loc":{"start":{"line":91,"column":2},"end":{"line":99,"column":3}},"type":"if","locations":[{"start":{"line":91,"column":2},"end":{"line":99,"column":3}},{"start":{"line":91,"column":2},"end":{"line":99,"column":3}}],"line":91},"9":{"loc":{"start":{"line":93,"column":4},"end":{"line":98,"column":5}},"type":"if","locations":[{"start":{"line":93,"column":4},"end":{"line":98,"column":5}},{"start":{"line":93,"column":4},"end":{"line":98,"column":5}}],"line":93},"10":{"loc":{"start":{"line":156,"column":2},"end":{"line":161,"column":3}},"type":"if","locations":[{"start":{"line":156,"column":2},"end":{"line":161,"column":3}},{"start":{"line":156,"column":2},"end":{"line":161,"column":3}}],"line":156},"11":{"loc":{"start":{"line":192,"column":8},"end":{"line":194,"column":9}},"type":"if","locations":[{"start":{"line":192,"column":8},"end":{"line":194,"column":9}},{"start":{"line":192,"column":8},"end":{"line":194,"column":9}}],"line":192},"12":{"loc":{"start":{"line":196,"column":8},"end":{"line":198,"column":9}},"type":"if","locations":[{"start":{"line":196,"column":8},"end":{"line":198,"column":9}},{"start":{"line":196,"column":8},"end":{"line":198,"column":9}}],"line":196},"13":{"loc":{"start":{"line":205,"column":8},"end":{"line":214,"column":9}},"type":"if","locations":[{"start":{"line":205,"column":8},"end":{"line":214,"column":9}},{"start":{"line":205,"column":8},"end":{"line":214,"column":9}}],"line":205}},"s":{"0":0,"1":0,"2":0,"3":0,"4":0,"5":0,"6":0,"7":0,"8":0,"9":0,"10":0,"11":0,"12":0,"13":0,"14":0,"15":0,"16":0,"17":0,"18":0,"19":0,"20":0,"21":0,"22":0,"23":0,"24":0,"25":0,"26":0,"27":0,"28":0,"29":0,"30":0,"31":0,"32":0,"33":0,"34":0,"35":0,"36":0,"37":0,"38":0,"39":0,"40":0,"41":0,"42":0,"43":0,"44":0,"45":0,"46":0,"47":0,"48":0,"49":0,"50":0,"51":0,"52":0,"53":0,"54":0,"55":0,"56":0,"57":0,"58":0,"59":0,"60":0,"61":0,"62":0,"63":0,"64":0,"65":0,"66":0,"67":0,"68":0,"69":0,"70":0,"71":0,"72":0,"73":0,"74":0,"75":0,"76":0,"77":0,"78":0,"79":0,"80":0,"81":0,"82":0,"83":0,"84":0,"85":0,"86":0,"87":0,"88":0,"89":0,"90":0,"91":0,"92":0,"93":0,"94":0,"95":0,"96":0,"97":0,"98":0,"99":0,"100":0,"101":0,"102":0,"103":0,"104":0,"105":0,"106":0,"107":0,"108":0,"109":0,"110":0,"111":0,"112":0,"113":0,"114":0,"115":0,"116":0,"117":0,"118":0,"119":0,"120":0,"121":0,"122":0,"123":0,"124":0,"125":0,"126":0,"127":0,"128":0,"129":0,"130":0,"131":0,"132":0,"133":0,"134":0,"135":0,"136":0,"137":0,"138":0,"139":0,"140":0,"141":0,"142":0,"143":0,"144":0,"145":0,"146":0},"f":{"0":0,"1":0,"2":0,"3":0,"4":0,"5":0,"6":0,"7":0,"8":0,"9":0,"10":0,"11":0,"12":0,"13":0,"14":0,"15":0,"16":0,"17":0,"18":0,"19":0,"20":0,"21":0,"22":0,"23":0,"24":0,"25":0,"26":0,"27":0,"28":0,"29":0,"30":0,"31":0,"32":0},"b":{"0":[0,0],"1":[0,0],"2":[0,0],"3":[0,0],"4":[0,0],"5":[0,0],"6":[0],"7":[0,0],"8":[0,0],"9":[0,0],"10":[0,0],"11":[0,0],"12":[0,0],"13":[0,0]}}
,"/Users/isao/code/github/TobiiPro/aws-util-firecloud/src/firehose.js": {"path":"/Users/isao/code/github/TobiiPro/aws-util-firecloud/src/firehose.js","statementMap":{"0":{"start":{"line":8,"column":33},"end":{"line":8,"column":51}},"1":{"start":{"line":11,"column":20},"end":{"line":15,"column":1}},"2":{"start":{"line":17,"column":31},"end":{"line":26,"column":1}},"3":{"start":{"line":18,"column":2},"end":{"line":20,"column":3}},"4":{"start":{"line":19,"column":4},"end":{"line":19,"column":11}},"5":{"start":{"line":22,"column":20},"end":{"line":22,"column":39}},"6":{"start":{"line":23,"column":2},"end":{"line":23,"column":30}},"7":{"start":{"line":24,"column":2},"end":{"line":24,"column":55}},"8":{"start":{"line":25,"column":2},"end":{"line":25,"column":49}},"9":{"start":{"line":28,"column":24},"end":{"line":73,"column":1}},"10":{"start":{"line":34,"column":22},"end":{"line":34,"column":24}},"11":{"start":{"line":35,"column":20},"end":{"line":39,"column":3}},"12":{"start":{"line":41,"column":2},"end":{"line":67,"column":5}},"13":{"start":{"line":42,"column":15},"end":{"line":42,"column":37}},"14":{"start":{"line":43,"column":4},"end":{"line":43,"column":23}},"15":{"start":{"line":44,"column":21},"end":{"line":44,"column":44}},"16":{"start":{"line":46,"column":4},"end":{"line":50,"column":5}},"17":{"start":{"line":47,"column":6},"end":{"line":48,"column":37}},"18":{"start":{"line":49,"column":6},"end":{"line":49,"column":13}},"19":{"start":{"line":52,"column":4},"end":{"line":60,"column":5}},"20":{"start":{"line":54,"column":6},"end":{"line":54,"column":38}},"21":{"start":{"line":55,"column":6},"end":{"line":59,"column":8}},"22":{"start":{"line":62,"column":4},"end":{"line":62,"column":61}},"23":{"start":{"line":64,"column":4},"end":{"line":66,"column":7}},"24":{"start":{"line":69,"column":2},"end":{"line":69,"column":34}},"25":{"start":{"line":70,"column":2},"end":{"line":70,"column":41}},"26":{"start":{"line":72,"column":2},"end":{"line":72,"column":61}}},"fnMap":{"0":{"name":"(anonymous_0)","decl":{"start":{"line":17,"column":31},"end":{"line":17,"column":32}},"loc":{"start":{"line":17,"column":73},"end":{"line":26,"column":1}},"line":17},"1":{"name":"(anonymous_1)","decl":{"start":{"line":28,"column":24},"end":{"line":28,"column":25}},"loc":{"start":{"line":33,"column":3},"end":{"line":73,"column":1}},"line":33},"2":{"name":"(anonymous_2)","decl":{"start":{"line":41,"column":21},"end":{"line":41,"column":22}},"loc":{"start":{"line":41,"column":38},"end":{"line":67,"column":3}},"line":41}},"branchMap":{"0":{"loc":{"start":{"line":18,"column":2},"end":{"line":20,"column":3}},"type":"if","locations":[{"start":{"line":18,"column":2},"end":{"line":20,"column":3}},{"start":{"line":18,"column":2},"end":{"line":20,"column":3}}],"line":18},"1":{"loc":{"start":{"line":31,"column":2},"end":{"line":31,"column":31}},"type":"default-arg","locations":[{"start":{"line":31,"column":13},"end":{"line":31,"column":31}}],"line":31},"2":{"loc":{"start":{"line":46,"column":4},"end":{"line":50,"column":5}},"type":"if","locations":[{"start":{"line":46,"column":4},"end":{"line":50,"column":5}},{"start":{"line":46,"column":4},"end":{"line":50,"column":5}}],"line":46},"3":{"loc":{"start":{"line":52,"column":4},"end":{"line":60,"column":5}},"type":"if","locations":[{"start":{"line":52,"column":4},"end":{"line":60,"column":5}},{"start":{"line":52,"column":4},"end":{"line":60,"column":5}}],"line":52},"4":{"loc":{"start":{"line":52,"column":8},"end":{"line":53,"column":67}},"type":"binary-expr","locations":[{"start":{"line":52,"column":8},"end":{"line":52,"column":72}},{"start":{"line":53,"column":8},"end":{"line":53,"column":67}}],"line":52}},"s":{"0":1,"1":1,"2":1,"3":0,"4":0,"5":0,"6":0,"7":0,"8":0,"9":1,"10":4,"11":4,"12":4,"13":508,"14":508,"15":508,"16":508,"17":1,"18":1,"19":507,"20":2,"21":2,"22":507,"23":507,"24":4,"25":4,"26":4},"f":{"0":0,"1":4,"2":508},"b":{"0":[0,0],"1":[4],"2":[1,507],"3":[2,505],"4":[507,506]},"_coverageSchema":"332fd63041d2c1bcb487cc26dd0d5f7d97098a6c","hash":"c7597f713f8fbbd69f7bdc90a97753fd6dfaa7a8"}
,"/Users/isao/code/github/TobiiPro/aws-util-firecloud/src/kinesis.js": {"path":"/Users/isao/code/github/TobiiPro/aws-util-firecloud/src/kinesis.js","statementMap":{"0":{"start":{"line":1,"column":13},"end":{"line":1,"column":75}},"1":{"start":{"line":1,"column":75},"end":{"line":1,"column":115}},"2":{"start":{"line":1,"column":131},"end":{"line":1,"column":152}},"3":{"start":{"line":5,"column":26},"end":{"line":5,"column":84}},"4":{"start":{"line":5,"column":85},"end":{"line":7,"column":8}}},"fnMap":{},"branchMap":{},"s":{"0":0,"1":0,"2":0,"3":0,"4":0},"f":{},"b":{}}
,"/Users/isao/code/github/TobiiPro/aws-util-firecloud/src/lambda.js": {"path":"/Users/isao/code/github/TobiiPro/aws-util-firecloud/src/lambda.js","statementMap":{"0":{"start":{"line":1,"column":13},"end":{"line":1,"column":75}},"1":{"start":{"line":1,"column":75},"end":{"line":1,"column":311}},"2":{"start":{"line":1,"column":327},"end":{"line":1,"column":366}},"3":{"start":{"line":2,"column":19},"end":{"line":2,"column":42}},"4":{"start":{"line":2,"column":63},"end":{"line":2,"column":99}},"5":{"start":{"line":3,"column":23},"end":{"line":3,"column":50}},"6":{"start":{"line":3,"column":75},"end":{"line":3,"column":115}},"7":{"start":{"line":4,"column":14},"end":{"line":4,"column":32}},"8":{"start":{"line":4,"column":48},"end":{"line":4,"column":79}},"9":{"start":{"line":5,"column":14},"end":{"line":5,"column":31}},"10":{"start":{"line":5,"column":47},"end":{"line":5,"column":78}},"11":{"start":{"line":6,"column":20},"end":{"line":6,"column":62}},"12":{"start":{"line":6,"column":84},"end":{"line":6,"column":121}},"13":{"start":{"line":7,"column":10},"end":{"line":7,"column":23}},"14":{"start":{"line":7,"column":35},"end":{"line":7,"column":62}},"15":{"start":{"line":7,"column":101},"end":{"line":7,"column":155}},"16":{"start":{"line":9,"column":18},"end":{"line":10,"column":72}},"17":{"start":{"line":12,"column":19},"end":{"line":17,"column":1}},"18":{"start":{"line":13,"column":2},"end":{"line":16,"column":4}},"19":{"start":{"line":14,"column":15},"end":{"line":14,"column":36}},"20":{"start":{"line":15,"column":4},"end":{"line":15,"column":28}},"21":{"start":{"line":19,"column":14},"end":{"line":71,"column":75}},"22":{"start":{"line":19,"column":51},"end":{"line":71,"column":4}},"23":{"start":{"line":20,"column":4},"end":{"line":22,"column":5}},"24":{"start":{"line":21,"column":6},"end":{"line":21,"column":13}},"25":{"start":{"line":28,"column":21},"end":{"line":53,"column":10}},"26":{"start":{"line":48,"column":8},"end":{"line":50,"column":9}},"27":{"start":{"line":49,"column":10},"end":{"line":49,"column":17}},"28":{"start":{"line":52,"column":8},"end":{"line":52,"column":20}},"29":{"start":{"line":56,"column":34},"end":{"line":56,"column":49}},"30":{"start":{"line":57,"column":4},"end":{"line":68,"column":5}},"31":{"start":{"line":58,"column":6},"end":{"line":61,"column":71}},"32":{"start":{"line":63,"column":6},"end":{"line":66,"column":41}},"33":{"start":{"line":70,"column":4},"end":{"line":70,"column":44}},"34":{"start":{"line":71,"column":5},"end":{"line":71,"column":71}},"35":{"start":{"line":71,"column":34},"end":{"line":71,"column":69}},"36":{"start":{"line":74,"column":16},"end":{"line":113,"column":1}},"37":{"start":{"line":75,"column":2},"end":{"line":112,"column":84}},"38":{"start":{"line":75,"column":50},"end":{"line":112,"column":6}},"39":{"start":{"line":76,"column":6},"end":{"line":80,"column":10}},"40":{"start":{"line":79,"column":8},"end":{"line":79,"column":51}},"41":{"start":{"line":83,"column":6},"end":{"line":87,"column":10}},"42":{"start":{"line":86,"column":8},"end":{"line":86,"column":41}},"43":{"start":{"line":90,"column":6},"end":{"line":94,"column":10}},"44":{"start":{"line":93,"column":8},"end":{"line":93,"column":42}},"45":{"start":{"line":97,"column":6},"end":{"line":101,"column":10}},"46":{"start":{"line":100,"column":8},"end":{"line":100,"column":31}},"47":{"start":{"line":104,"column":6},"end":{"line":111,"column":7}},"48":{"start":{"line":105,"column":8},"end":{"line":109,"column":12}},"49":{"start":{"line":108,"column":10},"end":{"line":108,"column":22}},"50":{"start":{"line":112,"column":7},"end":{"line":112,"column":78}},"51":{"start":{"line":112,"column":40},"end":{"line":112,"column":76}},"52":{"start":{"line":115,"column":18},"end":{"line":170,"column":81}},"53":{"start":{"line":115,"column":60},"end":{"line":170,"column":4}},"54":{"start":{"line":116,"column":4},"end":{"line":116,"column":66}},"55":{"start":{"line":119,"column":4},"end":{"line":119,"column":105}},"56":{"start":{"line":120,"column":4},"end":{"line":121,"column":118}},"57":{"start":{"line":124,"column":4},"end":{"line":124,"column":105}},"58":{"start":{"line":126,"column":20},"end":{"line":126,"column":81}},"59":{"start":{"line":128,"column":4},"end":{"line":128,"column":105}},"60":{"start":{"line":129,"column":4},"end":{"line":129,"column":95}},"61":{"start":{"line":132,"column":4},"end":{"line":132,"column":105}},"62":{"start":{"line":135,"column":4},"end":{"line":135,"column":105}},"63":{"start":{"line":136,"column":4},"end":{"line":136,"column":106}},"64":{"start":{"line":138,"column":4},"end":{"line":157,"column":26}},"65":{"start":{"line":160,"column":4},"end":{"line":160,"column":66}},"66":{"start":{"line":162,"column":17},"end":{"line":166,"column":31}},"67":{"start":{"line":169,"column":4},"end":{"line":169,"column":56}},"68":{"start":{"line":170,"column":5},"end":{"line":170,"column":77}},"69":{"start":{"line":170,"column":39},"end":{"line":170,"column":75}},"70":{"start":{"line":172,"column":24},"end":{"line":182,"column":1}},"71":{"start":{"line":173,"column":16},"end":{"line":173,"column":19}},"72":{"start":{"line":175,"column":2},"end":{"line":181,"column":22}},"73":{"start":{"line":184,"column":16},"end":{"line":208,"column":79}},"74":{"start":{"line":184,"column":56},"end":{"line":208,"column":4}},"75":{"start":{"line":186,"column":19},"end":{"line":186,"column":58}},"76":{"start":{"line":187,"column":23},"end":{"line":187,"column":57}},"77":{"start":{"line":188,"column":4},"end":{"line":188,"column":108}},"78":{"start":{"line":189,"column":4},"end":{"line":189,"column":73}},"79":{"start":{"line":190,"column":21},"end":{"line":190,"column":43}},"80":{"start":{"line":192,"column":4},"end":{"line":196,"column":5}},"81":{"start":{"line":193,"column":6},"end":{"line":193,"column":59}},"82":{"start":{"line":195,"column":6},"end":{"line":195,"column":60}},"83":{"start":{"line":198,"column":4},"end":{"line":204,"column":5}},"84":{"start":{"line":199,"column":6},"end":{"line":199,"column":68}},"85":{"start":{"line":200,"column":6},"end":{"line":200,"column":84}},"86":{"start":{"line":201,"column":6},"end":{"line":201,"column":48}},"87":{"start":{"line":203,"column":6},"end":{"line":203,"column":39}},"88":{"start":{"line":206,"column":4},"end":{"line":206,"column":48}},"89":{"start":{"line":207,"column":4},"end":{"line":207,"column":28}},"90":{"start":{"line":208,"column":5},"end":{"line":208,"column":75}},"91":{"start":{"line":208,"column":37},"end":{"line":208,"column":73}},"92":{"start":{"line":210,"column":17},"end":{"line":247,"column":99}},"93":{"start":{"line":210,"column":93},"end":{"line":247,"column":4}},"94":{"start":{"line":212,"column":19},"end":{"line":212,"column":58}},"95":{"start":{"line":213,"column":13},"end":{"line":215,"column":31}},"96":{"start":{"line":221,"column":4},"end":{"line":232,"column":8}},"97":{"start":{"line":222,"column":19},"end":{"line":226,"column":15}},"98":{"start":{"line":228,"column":6},"end":{"line":231,"column":14}},"99":{"start":{"line":233,"column":4},"end":{"line":233,"column":39}},"100":{"start":{"line":235,"column":14},"end":{"line":235,"column":16}},"101":{"start":{"line":237,"column":4},"end":{"line":237,"column":50}},"102":{"start":{"line":238,"column":4},"end":{"line":240,"column":7}},"103":{"start":{"line":239,"column":6},"end":{"line":239,"column":101}},"104":{"start":{"line":242,"column":4},"end":{"line":245,"column":32}},"105":{"start":{"line":247,"column":5},"end":{"line":247,"column":67}},"106":{"start":{"line":247,"column":28},"end":{"line":247,"column":65}},"107":{"start":{"line":248,"column":0},"end":{"line":248,"column":68}},"108":{"start":{"line":250,"column":19},"end":{"line":339,"column":1}},"109":{"start":{"line":251,"column":16},"end":{"line":252,"column":29}},"110":{"start":{"line":255,"column":22},"end":{"line":255,"column":86}},"111":{"start":{"line":257,"column":2},"end":{"line":281,"column":3}},"112":{"start":{"line":258,"column":4},"end":{"line":278,"column":16}},"113":{"start":{"line":264,"column":35},"end":{"line":264,"column":95}},"114":{"start":{"line":265,"column":20},"end":{"line":267,"column":27}},"115":{"start":{"line":270,"column":10},"end":{"line":276,"column":25}},"116":{"start":{"line":283,"column":15},"end":{"line":289,"column":14}},"117":{"start":{"line":291,"column":2},"end":{"line":291,"column":54}},"118":{"start":{"line":293,"column":2},"end":{"line":293,"column":64}},"119":{"start":{"line":295,"column":2},"end":{"line":295,"column":19}},"120":{"start":{"line":297,"column":2},"end":{"line":308,"column":3}},"121":{"start":{"line":298,"column":4},"end":{"line":298,"column":37}},"122":{"start":{"line":299,"column":4},"end":{"line":304,"column":5}},"123":{"start":{"line":300,"column":6},"end":{"line":302,"column":33}},"124":{"start":{"line":305,"column":4},"end":{"line":305,"column":47}},"125":{"start":{"line":306,"column":9},"end":{"line":308,"column":3}},"126":{"start":{"line":307,"column":4},"end":{"line":307,"column":87}},"127":{"start":{"line":310,"column":2},"end":{"line":337,"column":8}},"128":{"start":{"line":313,"column":6},"end":{"line":315,"column":7}},"129":{"start":{"line":314,"column":8},"end":{"line":314,"column":15}},"130":{"start":{"line":324,"column":6},"end":{"line":324,"column":48}},"131":{"start":{"line":325,"column":6},"end":{"line":325,"column":35}},"132":{"start":{"line":327,"column":6},"end":{"line":336,"column":33}},"133":{"start":{"line":341,"column":25},"end":{"line":344,"column":1}},"134":{"start":{"line":342,"column":16},"end":{"line":342,"column":19}},"135":{"start":{"line":343,"column":2},"end":{"line":343,"column":65}},"136":{"start":{"line":344,"column":2},"end":{"line":346,"column":8}}},"fnMap":{"0":{"name":"_interopRequireDefault","decl":{"start":{"line":7,"column":72},"end":{"line":7,"column":94}},"loc":{"start":{"line":7,"column":100},"end":{"line":7,"column":156}},"line":7},"1":{"name":"(anonymous_1)","decl":{"start":{"line":12,"column":42},"end":{"line":12,"column":43}},"loc":{"start":{"line":12,"column":56},"end":{"line":17,"column":1}},"line":12},"2":{"name":"(anonymous_2)","decl":{"start":{"line":13,"column":9},"end":{"line":13,"column":10}},"loc":{"start":{"line":13,"column":28},"end":{"line":16,"column":3}},"line":13},"3":{"name":"(anonymous_3)","decl":{"start":{"line":19,"column":33},"end":{"line":19,"column":34}},"loc":{"start":{"line":19,"column":39},"end":{"line":71,"column":72}},"line":19},"4":{"name":"(anonymous_4)","decl":{"start":{"line":19,"column":76},"end":{"line":19,"column":77}},"loc":{"start":{"line":19,"column":100},"end":{"line":71,"column":3}},"line":19},"5":{"name":"(anonymous_5)","decl":{"start":{"line":47,"column":60},"end":{"line":47,"column":61}},"loc":{"start":{"line":47,"column":74},"end":{"line":53,"column":7}},"line":47},"6":{"name":"inspect","decl":{"start":{"line":71,"column":21},"end":{"line":71,"column":28}},"loc":{"start":{"line":71,"column":33},"end":{"line":71,"column":70}},"line":71},"7":{"name":"(anonymous_7)","decl":{"start":{"line":74,"column":36},"end":{"line":74,"column":37}},"loc":{"start":{"line":74,"column":59},"end":{"line":113,"column":1}},"line":74},"8":{"name":"(anonymous_8)","decl":{"start":{"line":75,"column":31},"end":{"line":75,"column":32}},"loc":{"start":{"line":75,"column":37},"end":{"line":112,"column":79}},"line":75},"9":{"name":"(anonymous_9)","decl":{"start":{"line":75,"column":75},"end":{"line":75,"column":76}},"loc":{"start":{"line":75,"column":100},"end":{"line":112,"column":5}},"line":75},"10":{"name":"(anonymous_10)","decl":{"start":{"line":78,"column":6},"end":{"line":78,"column":7}},"loc":{"start":{"line":78,"column":19},"end":{"line":80,"column":7}},"line":78},"11":{"name":"(anonymous_11)","decl":{"start":{"line":85,"column":6},"end":{"line":85,"column":7}},"loc":{"start":{"line":85,"column":19},"end":{"line":87,"column":7}},"line":85},"12":{"name":"(anonymous_12)","decl":{"start":{"line":92,"column":6},"end":{"line":92,"column":7}},"loc":{"start":{"line":92,"column":19},"end":{"line":94,"column":7}},"line":92},"13":{"name":"(anonymous_13)","decl":{"start":{"line":99,"column":6},"end":{"line":99,"column":7}},"loc":{"start":{"line":99,"column":19},"end":{"line":101,"column":7}},"line":99},"14":{"name":"(anonymous_14)","decl":{"start":{"line":107,"column":8},"end":{"line":107,"column":9}},"loc":{"start":{"line":107,"column":21},"end":{"line":109,"column":9}},"line":107},"15":{"name":"(anonymous_15)","decl":{"start":{"line":112,"column":14},"end":{"line":112,"column":15}},"loc":{"start":{"line":112,"column":39},"end":{"line":112,"column":77}},"line":112},"16":{"name":"(anonymous_16)","decl":{"start":{"line":115,"column":41},"end":{"line":115,"column":42}},"loc":{"start":{"line":115,"column":47},"end":{"line":170,"column":78}},"line":115},"17":{"name":"(anonymous_17)","decl":{"start":{"line":115,"column":85},"end":{"line":115,"column":86}},"loc":{"start":{"line":115,"column":113},"end":{"line":170,"column":3}},"line":115},"18":{"name":"mergeEnvCtx","decl":{"start":{"line":170,"column":21},"end":{"line":170,"column":32}},"loc":{"start":{"line":170,"column":38},"end":{"line":170,"column":76}},"line":170},"19":{"name":"(anonymous_19)","decl":{"start":{"line":172,"column":52},"end":{"line":172,"column":53}},"loc":{"start":{"line":172,"column":91},"end":{"line":182,"column":1}},"line":172},"20":{"name":"(anonymous_20)","decl":{"start":{"line":184,"column":37},"end":{"line":184,"column":38}},"loc":{"start":{"line":184,"column":43},"end":{"line":208,"column":76}},"line":184},"21":{"name":"(anonymous_21)","decl":{"start":{"line":184,"column":81},"end":{"line":184,"column":82}},"loc":{"start":{"line":184,"column":121},"end":{"line":208,"column":3}},"line":184},"22":{"name":"getEnvCtx","decl":{"start":{"line":208,"column":21},"end":{"line":208,"column":30}},"loc":{"start":{"line":208,"column":36},"end":{"line":208,"column":74}},"line":208},"23":{"name":"(anonymous_23)","decl":{"start":{"line":210,"column":73},"end":{"line":210,"column":74}},"loc":{"start":{"line":210,"column":79},"end":{"line":247,"column":68}},"line":210},"24":{"name":"(anonymous_24)","decl":{"start":{"line":210,"column":118},"end":{"line":210,"column":119}},"loc":{"start":{"line":210,"column":153},"end":{"line":247,"column":3}},"line":210},"25":{"name":"(anonymous_25)","decl":{"start":{"line":221,"column":111},"end":{"line":221,"column":112}},"loc":{"start":{"line":221,"column":124},"end":{"line":232,"column":5}},"line":221},"26":{"name":"(anonymous_26)","decl":{"start":{"line":238,"column":44},"end":{"line":238,"column":45}},"loc":{"start":{"line":238,"column":59},"end":{"line":240,"column":5}},"line":238},"27":{"name":"(anonymous_27)","decl":{"start":{"line":247,"column":12},"end":{"line":247,"column":13}},"loc":{"start":{"line":247,"column":27},"end":{"line":247,"column":66}},"line":247},"28":{"name":"(anonymous_28)","decl":{"start":{"line":250,"column":42},"end":{"line":250,"column":43}},"loc":{"start":{"line":250,"column":64},"end":{"line":339,"column":1}},"line":250},"29":{"name":"(anonymous_29)","decl":{"start":{"line":263,"column":25},"end":{"line":263,"column":26}},"loc":{"start":{"line":263,"column":55},"end":{"line":278,"column":9}},"line":263},"30":{"name":"(anonymous_30)","decl":{"start":{"line":312,"column":9},"end":{"line":312,"column":10}},"loc":{"start":{"line":312,"column":28},"end":{"line":337,"column":5}},"line":312},"31":{"name":"(anonymous_31)","decl":{"start":{"line":341,"column":54},"end":{"line":341,"column":55}},"loc":{"start":{"line":341,"column":69},"end":{"line":344,"column":1}},"line":341}},"branchMap":{"0":{"loc":{"start":{"line":7,"column":108},"end":{"line":7,"column":154}},"type":"cond-expr","locations":[{"start":{"line":7,"column":132},"end":{"line":7,"column":135}},{"start":{"line":7,"column":138},"end":{"line":7,"column":154}}],"line":7},"1":{"loc":{"start":{"line":7,"column":108},"end":{"line":7,"column":129}},"type":"binary-expr","locations":[{"start":{"line":7,"column":108},"end":{"line":7,"column":111}},{"start":{"line":7,"column":115},"end":{"line":7,"column":129}}],"line":7},"2":{"loc":{"start":{"line":20,"column":4},"end":{"line":22,"column":5}},"type":"if","locations":[{"start":{"line":20,"column":4},"end":{"line":22,"column":5}},{"start":{"line":20,"column":4},"end":{"line":22,"column":5}}],"line":20},"3":{"loc":{"start":{"line":48,"column":8},"end":{"line":50,"column":9}},"type":"if","locations":[{"start":{"line":48,"column":8},"end":{"line":50,"column":9}},{"start":{"line":48,"column":8},"end":{"line":50,"column":9}}],"line":48},"4":{"loc":{"start":{"line":57,"column":4},"end":{"line":68,"column":5}},"type":"if","locations":[{"start":{"line":57,"column":4},"end":{"line":68,"column":5}},{"start":{"line":57,"column":4},"end":{"line":68,"column":5}}],"line":57},"5":{"loc":{"start":{"line":104,"column":6},"end":{"line":111,"column":7}},"type":"if","locations":[{"start":{"line":104,"column":6},"end":{"line":111,"column":7}},{"start":{"line":104,"column":6},"end":{"line":111,"column":7}}],"line":104},"6":{"loc":{"start":{"line":104,"column":10},"end":{"line":104,"column":29}},"type":"binary-expr","locations":[{"start":{"line":104,"column":10},"end":{"line":104,"column":16}},{"start":{"line":104,"column":20},"end":{"line":104,"column":29}}],"line":104},"7":{"loc":{"start":{"line":172,"column":69},"end":{"line":172,"column":87}},"type":"default-arg","locations":[{"start":{"line":172,"column":76},"end":{"line":172,"column":87}}],"line":172},"8":{"loc":{"start":{"line":184,"column"
[...]
":36,"column":9}},"28":{"start":{"line":35,"column":8},"end":{"line":35,"column":41}},"29":{"start":{"line":37,"column":20},"end":{"line":37,"column":75}},"30":{"start":{"line":38,"column":6},"end":{"line":38,"column":71}},"31":{"start":{"line":39,"column":6},"end":{"line":42,"column":9}},"32":{"start":{"line":40,"column":8},"end":{"line":40,"column":62}},"33":{"start":{"line":41,"column":8},"end":{"line":41,"column":25}},"34":{"start":{"line":44,"column":9},"end":{"line":46,"column":3}},"35":{"start":{"line":45,"column":4},"end":{"line":45,"column":97}},"36":{"start":{"line":48,"column":2},"end":{"line":48,"column":13}}},"fnMap":{"0":{"name":"_interopRequireDefault","decl":{"start":{"line":1,"column":263},"end":{"line":1,"column":285}},"loc":{"start":{"line":1,"column":291},"end":{"line":1,"column":347}},"line":1},"1":{"name":"(anonymous_1)","decl":{"start":{"line":3,"column":46},"end":{"line":3,"column":47}},"loc":{"start":{"line":3,"column":63},"end":{"line":12,"column":1}},"line":3},"2":{"name":"(anonymous_2)","decl":{"start":{"line":14,"column":52},"end":{"line":14,"column":53}},"loc":{"start":{"line":14,"column":78},"end":{"line":49,"column":1}},"line":14},"3":{"name":"(anonymous_3)","decl":{"start":{"line":24,"column":48},"end":{"line":24,"column":49}},"loc":{"start":{"line":24,"column":66},"end":{"line":26,"column":7}},"line":24},"4":{"name":"(anonymous_4)","decl":{"start":{"line":27,"column":49},"end":{"line":27,"column":50}},"loc":{"start":{"line":27,"column":67},"end":{"line":30,"column":7}},"line":27},"5":{"name":"(anonymous_5)","decl":{"start":{"line":34,"column":48},"end":{"line":34,"column":49}},"loc":{"start":{"line":34,"column":66},"end":{"line":36,"column":7}},"line":34},"6":{"name":"(anonymous_6)","decl":{"start":{"line":39,"column":49},"end":{"line":39,"column":50}},"loc":{"start":{"line":39,"column":67},"end":{"line":42,"column":7}},"line":39}},"branchMap":{"0":{"loc":{"start":{"line":1,"column":299},"end":{"line":1,"column":345}},"type":"cond-expr","locations":[{"start":{"line":1,"column":323},"end":{"line":1,"column":326}},{"start":{"line":1,"column":329},"end":{"line":1,"column":345}}],"line":1},"1":{"loc":{"start":{"line":1,"column":299},"end":{"line":1,"column":320}},"type":"binary-expr","locations":[{"start":{"line":1,"column":299},"end":{"line":1,"column":302}},{"start":{"line":1,"column":306},"end":{"line":1,"column":320}}],"line":1},"2":{"loc":{"start":{"line":4,"column":2},"end":{"line":6,"column":3}},"type":"if","locations":[{"start":{"line":4,"column":2},"end":{"line":6,"column":3}},{"start":{"line":4,"column":2},"end":{"line":6,"column":3}}],"line":4},"3":{"loc":{"start":{"line":8,"column":2},"end":{"line":10,"column":3}},"type":"if","locations":[{"start":{"line":8,"column":2},"end":{"line":10,"column":3}},{"start":{"line":8,"column":2},"end":{"line":10,"column":3}}],"line":8},"4":{"loc":{"start":{"line":15,"column":2},"end":{"line":46,"column":3}},"type":"if","locations":[{"start":{"line":15,"column":2},"end":{"line":46,"column":3}},{"start":{"line":15,"column":2},"end":{"line":46,"column":3}}],"line":15},"5":{"loc":{"start":{"line":16,"column":4},"end":{"line":43,"column":5}},"type":"if","locations":[{"start":{"line":16,"column":4},"end":{"line":43,"column":5}},{"start":{"line":16,"column":4},"end":{"line":43,"column":5}}],"line":16},"6":{"loc":{"start":{"line":18,"column":11},"end":{"line":43,"column":5}},"type":"if","locations":[{"start":{"line":18,"column":11},"end":{"line":43,"column":5}},{"start":{"line":18,"column":11},"end":{"line":43,"column":5}}],"line":18},"7":{"loc":{"start":{"line":21,"column":11},"end":{"line":43,"column":5}},"type":"if","locations":[{"start":{"line":21,"column":11},"end":{"line":43,"column":5}},{"start":{"line":21,"column":11},"end":{"line":43,"column":5}}],"line":21},"8":{"loc":{"start":{"line":31,"column":11},"end":{"line":43,"column":5}},"type":"if","locations":[{"start":{"line":31,"column":11},"end":{"line":43,"column":5}},{"start":{"line":31,"column":11},"end":{"line":43,"column":5}}],"line":31},"9":{"loc":{"start":{"line":44,"column":9},"end":{"line":46,"column":3}},"type":"if","locations":[{"start":{"line":44,"column":9},"end":{"line":46,"column":3}},{"start":{"line":44,"column":9},"end":{"line":46,"column":3}}],"line":44}},"s":{"0":0,"1":0,"2":0,"3":0,"4":0,"5":0,"6":0,"7":0,"8":0,"9":0,"10":0,"11":0,"12":0,"13":0,"14":0,"15":0,"16":0,"17":0,"18":0,"19":0,"20":0,"21":0,"22":0,"23":0,"24":0,"25":0,"26":0,"27":0,"28":0,"29":0,"30":0,"31":0,"32":0,"33":0,"34":0,"35":0,"36":0},"f":{"0":0,"1":0,"2":0,"3":0,"4":0,"5":0,"6":0},"b":{"0":[0,0],"1":[0,0],"2":[0,0],"3":[0,0],"4":[0,0],"5":[0,0],"6":[0,0],"7":[0,0],"8":[0,0],"9":[0,0]}}
,"/Users/isao/code/github/TobiiPro/aws-util-firecloud/src/cfn/lambda.js": {"path":"/Users/isao/code/github/TobiiPro/aws-util-firecloud/src/cfn/lambda.js","statementMap":{"0":{"start":{"line":1,"column":13},"end":{"line":1,"column":75}},"1":{"start":{"line":1,"column":75},"end":{"line":1,"column":222}},"2":{"start":{"line":1,"column":238},"end":{"line":1,"column":277}},"3":{"start":{"line":1,"column":301},"end":{"line":1,"column":328}},"4":{"start":{"line":1,"column":353},"end":{"line":1,"column":393}},"5":{"start":{"line":2,"column":14},"end":{"line":2,"column":32}},"6":{"start":{"line":2,"column":48},"end":{"line":2,"column":79}},"7":{"start":{"line":3,"column":13},"end":{"line":3,"column":31}},"8":{"start":{"line":3,"column":46},"end":{"line":3,"column":76}},"9":{"start":{"line":5,"column":14},"end":{"line":5,"column":34}},"10":{"start":{"line":9,"column":17},"end":{"line":9,"column":40}},"11":{"start":{"line":9,"column":79},"end":{"line":9,"column":133}},"12":{"start":{"line":13,"column":22},"end":{"line":37,"column":83}},"13":{"start":{"line":13,"column":67},"end":{"line":37,"column":4}},"14":{"start":{"line":18,"column":13},"end":{"line":18,"column":63}},"15":{"start":{"line":19,"column":19},"end":{"line":22,"column":13}},"16":{"start":{"line":23,"column":4},"end":{"line":23,"column":27}},"17":{"start":{"line":25,"column":20},"end":{"line":25,"column":22}},"18":{"start":{"line":26,"column":4},"end":{"line":29,"column":7}},"19":{"start":{"line":27,"column":33},"end":{"line":27,"column":76}},"20":{"start":{"line":28,"column":6},"end":{"line":28,"column":37}},"21":{"start":{"line":31,"column":19},"end":{"line":31,"column":99}},"22":{"start":{"line":33,"column":4},"end":{"line":35,"column":40}},"23":{"start":{"line":37,"column":5},"end":{"line":37,"column":79}},"24":{"start":{"line":37,"column":42},"end":{"line":37,"column":77}},"25":{"start":{"line":39,"column":10},"end":{"line":187,"column":73}},"26":{"start":{"line":39,"column":44},"end":{"line":187,"column":4}},"27":{"start":{"line":48,"column":4},"end":{"line":48,"column":93}},"28":{"start":{"line":50,"column":22},"end":{"line":51,"column":37}},"29":{"start":{"line":54,"column":21},"end":{"line":58,"column":14}},"30":{"start":{"line":61,"column":17},"end":{"line":61,"column":78}},"31":{"start":{"line":62,"column":4},"end":{"line":66,"column":5}},"32":{"start":{"line":63,"column":6},"end":{"line":63,"column":41}},"33":{"start":{"line":65,"column":6},"end":{"line":65,"column":18}},"34":{"start":{"line":69,"column":4},"end":{"line":79,"column":7}},"35":{"start":{"line":70,"column":6},"end":{"line":77,"column":23}},"36":{"start":{"line":75,"column":10},"end":{"line":75,"column":23}},"37":{"start":{"line":77,"column":10},"end":{"line":77,"column":22}},"38":{"start":{"line":81,"column":4},"end":{"line":83,"column":7}},"39":{"start":{"line":82,"column":6},"end":{"line":82,"column":30}},"40":{"start":{"line":85,"column":4},"end":{"line":85,"column":69}},"41":{"start":{"line":87,"column":4},"end":{"line":92,"column":32}},"42":{"start":{"line":96,"column":15},"end":{"line":96,"column":51}},"43":{"start":{"line":98,"column":4},"end":{"line":100,"column":5}},"44":{"start":{"line":99,"column":6},"end":{"line":99,"column":58}},"45":{"start":{"line":102,"column":31},"end":{"line":102,"column":44}},"46":{"start":{"line":103,"column":28},"end":{"line":103,"column":38}},"47":{"start":{"line":108,"column":4},"end":{"line":110,"column":13}},"48":{"start":{"line":113,"column":4},"end":{"line":157,"column":5}},"49":{"start":{"line":115,"column":6},"end":{"line":156,"column":7}},"50":{"start":{"line":116,"column":21},"end":{"line":116,"column":75}},"51":{"start":{"line":119,"column":8},"end":{"line":121,"column":17}},"52":{"start":{"line":123,"column":23},"end":{"line":125,"column":62}},"53":{"start":{"line":131,"column":8},"end":{"line":143,"column":9}},"54":{"start":{"line":132,"column":10},"end":{"line":137,"column":30}},"55":{"start":{"line":140,"column":10},"end":{"line":142,"column":11}},"56":{"start":{"line":141,"column":12},"end":{"line":141,"column":22}},"57":{"start":{"line":145,"column":8},"end":{"line":153,"column":9}},"58":{"start":{"line":147,"column":10},"end":{"line":147,"column":26}},"59":{"start":{"line":148,"column":10},"end":{"line":148,"column":61}},"60":{"start":{"line":149,"column":10},"end":{"line":152,"column":37}},"61":{"start":{"line":159,"column":4},"end":{"line":165,"column":27}},"62":{"start":{"line":168,"column":4},"end":{"line":184,"column":12}},"63":{"start":{"line":186,"column":4},"end":{"line":186,"column":18}},"64":{"start":{"line":187,"column":5},"end":{"line":187,"column":69}},"65":{"start":{"line":187,"column":31},"end":{"line":187,"column":67}},"66":{"start":{"line":189,"column":26},"end":{"line":220,"column":89}},"67":{"start":{"line":189,"column":76},"end":{"line":220,"column":4}},"68":{"start":{"line":194,"column":21},"end":{"line":198,"column":14}},"69":{"start":{"line":202,"column":4},"end":{"line":213,"column":7}},"70":{"start":{"line":203,"column":6},"end":{"line":210,"column":24}},"71":{"start":{"line":208,"column":10},"end":{"line":208,"column":16}},"72":{"start":{"line":210,"column":10},"end":{"line":210,"column":23}},"73":{"start":{"line":212,"column":6},"end":{"line":212,"column":18}},"74":{"start":{"line":215,"column":4},"end":{"line":217,"column":7}},"75":{"start":{"line":216,"column":6},"end":{"line":216,"column":30}},"76":{"start":{"line":219,"column":4},"end":{"line":219,"column":32}},"77":{"start":{"line":220,"column":5},"end":{"line":220,"column":85}},"78":{"start":{"line":220,"column":47},"end":{"line":220,"column":83}},"79":{"start":{"line":222,"column":25},"end":{"line":237,"column":85}},"80":{"start":{"line":222,"column":74},"end":{"line":237,"column":4}},"81":{"start":{"line":223,"column":20},"end":{"line":223,"column":22}},"82":{"start":{"line":225,"column":4},"end":{"line":233,"column":40}},"83":{"start":{"line":236,"column":4},"end":{"line":236,"column":21}},"84":{"start":{"line":237,"column":5},"end":{"line":237,"column":81}},"85":{"start":{"line":237,"column":43},"end":{"line":237,"column":79}},"86":{"start":{"line":239,"column":16},"end":{"line":252,"column":79}},"87":{"start":{"line":239,"column":56},"end":{"line":252,"column":4}},"88":{"start":{"line":240,"column":17},"end":{"line":246,"column":62}},"89":{"start":{"line":251,"column":4},"end":{"line":251,"column":18}},"90":{"start":{"line":252,"column":5},"end":{"line":252,"column":75}},"91":{"start":{"line":252,"column":37},"end":{"line":252,"column":73}},"92":{"start":{"line":254,"column":14},"end":{"line":273,"column":77}},"93":{"start":{"line":254,"column":52},"end":{"line":273,"column":4}},"94":{"start":{"line":255,"column":15},"end":{"line":268,"column":33}},"95":{"start":{"line":272,"column":4},"end":{"line":272,"column":16}},"96":{"start":{"line":273,"column":5},"end":{"line":273,"column":73}},"97":{"start":{"line":273,"column":35},"end":{"line":273,"column":71}}},"fnMap":{"0":{"name":"_interopRequireDefault","decl":{"start":{"line":9,"column":50},"end":{"line":9,"column":72}},"loc":{"start":{"line":9,"column":78},"end":{"line":9,"column":134}},"line":9},"1":{"name":"(anonymous_1)","decl":{"start":{"line":13,"column":49},"end":{"line":13,"column":50}},"loc":{"start":{"line":13,"column":55},"end":{"line":37,"column":80}},"line":13},"2":{"name":"(anonymous_2)","decl":{"start":{"line":13,"column":92},"end":{"line":13,"column":93}},"loc":{"start":{"line":17,"column":2},"end":{"line":37,"column":3}},"line":17},"3":{"name":"(anonymous_3)","decl":{"start":{"line":26,"column":115},"end":{"line":26,"column":116}},"loc":{"start":{"line":26,"column":131},"end":{"line":29,"column":5}},"line":26},"4":{"name":"getCodeChecksum","decl":{"start":{"line":37,"column":21},"end":{"line":37,"column":36}},"loc":{"start":{"line":37,"column":41},"end":{"line":37,"column":78}},"line":37},"5":{"name":"(anonymous_5)","decl":{"start":{"line":39,"column":25},"end":{"line":39,"column":26}},"loc":{"start":{"line":39,"column":31},"end":{"line":187,"column":70}},"line":39},"6":{"name":"(anonymous_6)","decl":{"start":{"line":39,"column":69},"end":{"line":39,"column":70}},"loc":{"start":{"line":46,"column":2},"end":{"line":187,"column":3}},"line":46},"7":{"name":"(anonymous_7)","decl":{"start":{"line":69,"column":82},"end":{"line":69,"column":83}},"loc":{"start":{"line":69,"column":117},"end":{"line":79,"column":5}},"line":69},"8":{"name":"(anonymous_8)","decl":{"start":{"line":81,"column":83},"end":{"line":81,"column":84}},"loc":{"start":{"line":81,"column":106},"end":{"line":83,"column":5}},"line":81},"9":{"name":"add","decl":{"start":{"line":187,"column":21},"end":{"line":187,"column":24}},"loc":{"start":{"line":187,"column":30},"end":{"line":187,"column":68}},"line":187},"10":{"name":"(anonymous_10)","decl":{"start":{"line":189,"column":57},"end":{"line":189,"column":58}},"loc":{"start":{"line":189,"column":63},"end":{"line":220,"column":86}},"line":189},"11":{"name":"(anonymous_11)","decl":{"start":{"line":189,"column":101},"end":{"line":189,"column":102}},"loc":{"start":{"line":193,"column":2},"end":{"line":220,"column":3}},"line":193},"12":{"name":"(anonymous_12)","decl":{"start":{"line":202,"column":82},"end":{"line":202,"column":83}},"loc":{"start":{"line":202,"column":117},"end":{"line":213,"column":5}},"line":202},"13":{"name":"(anonymous_13)","decl":{"start":{"line":215,"column":83},"end":{"line":215,"column":84}},"loc":{"start":{"line":215,"column":106},"end":{"line":217,"column":5}},"line":215},"14":{"name":"getStorageResources","decl":{"start":{"line":220,"column":21},"end":{"line":220,"column":40}},"loc":{"start":{"line":220,"column":46},"end":{"line":220,"column":84}},"line":220},"15":{"name":"(anonymous_15)","decl":{"start":{"line":222,"column":55},"end":{"line":222,"column":56}},"loc":{"start":{"line":222,"column":61},"end":{"line":237,"column":82}},"line":222},"16":{"name":"(anonymous_16)","decl":{"start":{"line":222,"column":99},"end":{"line":222,"column":100}},"loc":{"start":{"line":222,"column":125},"end":{"line":237,"column":3}},"line":222},"17":{"name":"getPolicyStatement","decl":{"start":{"line":237,"column":21},"end":{"line":237,"column":39}},"loc":{"start":{"line":237,"column":42},"end":{"line":237,"column":80}},"line":237},"18":{"name":"(anonymous_18)","decl":{"start":{"line":239,"column":37},"end":{"line":239,"column":38}},"loc":{"start":{"line":239,"column":43},"end":{"line":252,"column":76}},"line":239},"19":{"name":"(anonymous_19)","decl":{"start":{"line":239,"column":81},"end":{"line":239,"column":82}},"loc":{"start":{"line":239,"column":101},"end":{"line":252,"column":3}},"line":239},"20":{"name":"getPolicy","decl":{"start":{"line":252,"column":21},"end":{"line":252,"column":30}},"loc":{"start":{"line":252,"column":36},"end":{"line":252,"column":74}},"line":252},"21":{"name":"(anonymous_21)","decl":{"start":{"line":254,"column":33},"end":{"line":254,"column":34}},"loc":{"start":{"line":254,"column":39},"end":{"line":273,"column":74}},"line":254},"22":{"name":"(anonymous_22)","decl":{"start":{"line":254,"column":77},"end":{"line":254,"column":78}},"loc":{"start":{"line":254,"column":97},"end":{"line":273,"column":3}},"line":254},"23":{"name":"getRole","decl":{"start":{"line":273,"column":21},"end":{"line":273,"column":28}},"loc":{"start":{"line":273,"column":34},"end":{"line":273,"column":72}},"line":273}},"branchMap":{"0":{"loc":{"start":{"line":9,"column":86},"end":{"line":9,"column":132}},"type":"cond-expr","locations":[{"start":{"line":9,"column":110},"end":{"line":9,"column":113}},{"start":{"line":9,"column":116},"end":{"line":9,"column":132}}],"line":9},"1":{"loc":{"start":{"line":9,"column":86},"end":{"line":9,"column":107}},"type":"binary-expr","locations":[{"start":{"line":9,"column":86},"end":{"line":9,"column":89}},{"start":{"line":9,"column":93},"end":{"line":9,"column":107}}],"line":9},"2":{"loc":{"start":{"line":15,"column":4},"end":{"line":15,"column":24}},"type":"default-arg","locations":[{"start":{"line":15,"column":16},"end":{"line":15,"column":24}}],"line":15},"3":{"loc":{"start":{"line":62,"column":4},"end":{"line":66,"column":5}},"type":"if","locations":[{"start":{"line":62,"column":4},"end":{"line":66,"column":5}},{"start":{"line":62,"column":4},"end":{"line":66,"column":5}}],"line":62},"4":{"loc":{"start":{"line":70,"column":6},"end":{"line":77,"column":23}},"type":"switch","locations":[{"start":{"line":71,"column":8},"end":{"line":71,"column":36}},{"start":{"line":72,"column":8},"end":{"line":72,"column":44}},{"start":{"line":73,"column":8},"end":{"line":73,"column":36}},{"start":{"line":74,"column":8},"end":{"line":75,"column":23}},{"start":{"line":76,"column":8},"end":{"line":77,"column":22}}],"line":70},"5":{"loc":{"start":{"line":98,"column":4},"end":{"line":100,"column":5}},"type":"if","locations":[{"start":{"line":98,"column":4},"end":{"line":100,"column":5}},{"start":{"line":98,"column":4},"end":{"line":100,"column":5}}],"line":98},"6":{"loc":{"start":{"line":113,"column":4},"end":{"line":157,"column":5}},"type":"if","locations":[{"start":{"line":113,"column":4},"end":{"line":157,"column":5}},{"start":{"line":113,"column":4},"end":{"line":157,"column":5}}],"line":113},"7":{"loc":{"start":{"line":140,"column":10},"end":{"line":142,"column":11}},"type":"if","locations":[{"start":{"line":140,"column":10},"end":{"line":142,"column":11}},{"start":{"line":140,"column":10},"end":{"line":142,"column":11}}],"line":140},"8":{"loc":{"start":{"line":145,"column":8},"end":{"line":153,"column":9}},"type":"if","locations":[{"start":{"line":145,"column":8},"end":{"line":153,"column":9}},{"start":{"line":145,"column":8},"end":{"line":153,"column":9}}],"line":145},"9":{"loc":{"start":{"line":203,"column":6},"end":{"line":210,"column":24}},"type":"switch","locations":[{"start":{"line":204,"column":8},"end":{"line":204,"column":36}},{"start":{"line":205,"column":8},"end":{"line":205,"column":36}},{"start":{"line":206,"column":8},"end":{"line":206,"column":44}},{"start":{"line":207,"column":8},"end":{"line":208,"column":16}},{"start":{"line":209,"column":8},"end":{"line":210,"column":23}}],"line":203},"10":{"loc":{"start":{"line":222,"column":110},"end":{"line":222,"column":123}},"type":"default-arg","locations":[{"start":{"line":222,"column":121},"end":{"line":222,"column":123}}],"line":222}},"s":{"0":0,"1":0,"2":0,"3":0,"4":0,"5":0,"6":0,"7":0,"8":0,"9":0,"10":0,"11":0,"12":0,"13":0,"14":0,"15":0,"16":0,"17":0,"18":0,"19":0,"20":0,"21":0,"22":0,"23":0,"24":0,"25":0,"26":0,"27":0,"28":0,"29":0,"30":0,"31":0,"32":0,"33":0,"34":0,"35":0,"36":0,"37":0,"38":0,"39":0,"40":0,"41":0,"42":0,"43":0,"44":0,"45":0,"46":0,"47":0,"48":0,"49":0,"50":0,"51":0,"52":0,"53":0,"54":0,"55":0,"56":0,"57":0,"58":0,"59":0,"60":0,"61":0,"62":0,"63":0,"64":0,"65":0,"66":0,"67":0,"68":0,"69":0,"70":0,"71":0,"72":0,"73":0,"74":0,"75":0,"76":0,"77":0,"78":0,"79":0,"80":0,"81":0,"82":0,"83":0,"84":0,"85":0,"86":0,"87":0,"88":0,"89":0,"90":0,"91":0,"92":0,"93":0,"94":0,"95":0,"96":0,"97":0},"f":{"0":0,"1":0,"2":0,"3":0,"4":0,"5":0,"6":0,"7":0,"8":0,"9":0,"10":0,"11":0,"12":0,"13":0,"14":0,"15":0,"16":0,"17":0,"18":0,"19":0,"20":0,"21":0,"22":0,"23":0},"b":{"0":[0,0],"1":[0,0],"2":[0],"3":[0,0],"4":[0,0,0,0,0],"5":[0,0],"6":[0,0],"7":[0,0],"8":[0,0],"9":[0,0,0,0,0],"10":[0]}}
}
