{"/Users/andrei/git/firecloud/aws-util-firecloud/src/cloudwatch.js": {"path":"/Users/andrei/git/firecloud/aws-util-firecloud/src/cloudwatch.js","statementMap":{"0":{"start":{"line":1,"column":13},"end":{"line":1,"column":75}},"1":{"start":{"line":1,"column":75},"end":{"line":1,"column":110}},"2":{"start":{"line":1,"column":126},"end":{"line":1,"column":165}},"3":{"start":{"line":1,"column":189},"end":{"line":1,"column":216}},"4":{"start":{"line":1,"column":241},"end":{"line":1,"column":281}},"5":{"start":{"line":2,"column":14},"end":{"line":2,"column":32}},"6":{"start":{"line":2,"column":48},"end":{"line":2,"column":79}},"7":{"start":{"line":2,"column":118},"end":{"line":2,"column":172}},"8":{"start":{"line":4,"column":21},"end":{"line":28,"column":80}},"9":{"start":{"line":4,"column":65},"end":{"line":28,"column":4}},"10":{"start":{"line":13,"column":4},"end":{"line":13,"column":64}},"11":{"start":{"line":16,"column":4},"end":{"line":21,"column":5}},"12":{"start":{"line":18,"column":6},"end":{"line":18,"column":33}},"13":{"start":{"line":20,"column":6},"end":{"line":20,"column":43}},"14":{"start":{"line":23,"column":4},"end":{"line":25,"column":5}},"15":{"start":{"line":24,"column":6},"end":{"line":24,"column":82}},"16":{"start":{"line":27,"column":4},"end":{"line":27,"column":65}},"17":{"start":{"line":28,"column":5},"end":{"line":28,"column":76}},"18":{"start":{"line":28,"column":39},"end":{"line":28,"column":74}},"19":{"start":{"line":28,"column":81},"end":{"line":30,"column":8}}},"fnMap":{"0":{"name":"_interopRequireDefault","decl":{"start":{"line":2,"column":89},"end":{"line":2,"column":111}},"loc":{"start":{"line":2,"column":117},"end":{"line":2,"column":173}},"line":2},"1":{"name":"(anonymous_1)","decl":{"start":{"line":4,"column":47},"end":{"line":4,"column":48}},"loc":{"start":{"line":4,"column":53},"end":{"line":28,"column":77}},"line":4},"2":{"name":"(anonymous_2)","decl":{"start":{"line":4,"column":90},"end":{"line":4,"column":91}},"loc":{"start":{"line":9,"column":6},"end":{"line":28,"column":3}},"line":9},"3":{"name":"listAllMetrics","decl":{"start":{"line":28,"column":21},"end":{"line":28,"column":35}},"loc":{"start":{"line":28,"column":38},"end":{"line":28,"column":75}},"line":28}},"branchMap":{"0":{"loc":{"start":{"line":2,"column":125},"end":{"line":2,"column":171}},"type":"cond-expr","locations":[{"start":{"line":2,"column":149},"end":{"line":2,"column":152}},{"start":{"line":2,"column":155},"end":{"line":2,"column":171}}],"line":2},"1":{"loc":{"start":{"line":2,"column":125},"end":{"line":2,"column":146}},"type":"binary-expr","locations":[{"start":{"line":2,"column":125},"end":{"line":2,"column":128}},{"start":{"line":2,"column":132},"end":{"line":2,"column":146}}],"line":2},"2":{"loc":{"start":{"line":4,"column":101},"end":{"line":9,"column":4}},"type":"default-arg","locations":[{"start":{"line":9,"column":2},"end":{"line":9,"column":4}}],"line":4},"3":{"loc":{"start":{"line":5,"column":4},"end":{"line":5,"column":50}},"type":"default-arg","locations":[{"start":{"line":5,"column":17},"end":{"line":5,"column":50}}],"line":5},"4":{"loc":{"start":{"line":6,"column":4},"end":{"line":6,"column":24}},"type":"default-arg","locations":[{"start":{"line":6,"column":15},"end":{"line":6,"column":24}}],"line":6},"5":{"loc":{"start":{"line":7,"column":4},"end":{"line":7,"column":21}},"type":"default-arg","locations":[{"start":{"line":7,"column":12},"end":{"line":7,"column":21}}],"line":7},"6":{"loc":{"start":{"line":8,"column":4},"end":{"line":8,"column":16}},"type":"default-arg","locations":[{"start":{"line":8,"column":14},"end":{"line":8,"column":16}}],"line":8},"7":{"loc":{"start":{"line":16,"column":4},"end":{"line":21,"column":5}},"type":"if","locations":[{"start":{"line":16,"column":4},"end":{"line":21,"column":5}},{"start":{"line":16,"column":4},"end":{"line":21,"column":5}}],"line":16},"8":{"loc":{"start":{"line":23,"column":4},"end":{"line":25,"column":5}},"type":"if","locations":[{"start":{"line":23,"column":4},"end":{"line":25,"column":5}},{"start":{"line":23,"column":4},"end":{"line":25,"column":5}}],"line":23},"9":{"loc":{"start":{"line":24,"column":13},"end":{"line":24,"column":81}},"type":"cond-expr","locations":[{"start":{"line":24,"column":62},"end":{"line":24,"column":71}},{"start":{"line":24,"column":74},"end":{"line":24,"column":81}}],"line":24}},"s":{"0":0,"1":0,"2":0,"3":0,"4":0,"5":0,"6":0,"7":0,"8":0,"9":0,"10":0,"11":0,"12":0,"13":0,"14":0,"15":0,"16":0,"17":0,"18":0,"19":0},"f":{"0":0,"1":0,"2":0,"3":0},"b":{"0":[0,0],"1":[0,0],"2":[0],"3":[0],"4":[0],"5":[0],"6":[0],"7":[0,0],"8":[0,0],"9":[0,0]}}
,"/Users/andrei/git/firecloud/aws-util-firecloud/src/dynamodb.js": {"path":"/Users/andrei/git/firecloud/aws-util-firecloud/src/dynamodb.js","statementMap":{"0":{"start":{"line":1,"column":13},"end":{"line":1,"column":75}},"1":{"start":{"line":1,"column":75},"end":{"line":1,"column":180}},"2":{"start":{"line":1,"column":196},"end":{"line":1,"column":235}},"3":{"start":{"line":1,"column":259},"end":{"line":1,"column":286}},"4":{"start":{"line":1,"column":311},"end":{"line":1,"column":351}},"5":{"start":{"line":2,"column":14},"end":{"line":2,"column":32}},"6":{"start":{"line":2,"column":48},"end":{"line":2,"column":79}},"7":{"start":{"line":2,"column":118},"end":{"line":2,"column":172}},"8":{"start":{"line":4,"column":30},"end":{"line":10,"column":91}},"9":{"start":{"line":4,"column":83},"end":{"line":10,"column":4}},"10":{"start":{"line":5,"column":13},"end":{"line":5,"column":44}},"11":{"start":{"line":6,"column":20},"end":{"line":6,"column":67}},"12":{"start":{"line":8,"column":30},"end":{"line":8,"column":52}},"13":{"start":{"line":9,"column":4},"end":{"line":9,"column":70}},"14":{"start":{"line":10,"column":5},"end":{"line":10,"column":87}},"15":{"start":{"line":10,"column":50},"end":{"line":10,"column":85}},"16":{"start":{"line":12,"column":24},"end":{"line":32,"column":1}},"17":{"start":{"line":13,"column":2},"end":{"line":15,"column":3}},"18":{"start":{"line":14,"column":4},"end":{"line":14,"column":16}},"19":{"start":{"line":17,"column":2},"end":{"line":17,"column":105}},"20":{"start":{"line":18,"column":2},"end":{"line":30,"column":5}},"21":{"start":{"line":19,"column":4},"end":{"line":19,"column":56}},"22":{"start":{"line":20,"column":4},"end":{"line":27,"column":7}},"23":{"start":{"line":21,"column":6},"end":{"line":21,"column":63}},"24":{"start":{"line":22,"column":21},"end":{"line":22,"column":82}},"25":{"start":{"line":23,"column":6},"end":{"line":23,"column":32}},"26":{"start":{"line":25,"column":6},"end":{"line":25,"column":53}},"27":{"start":{"line":26,"column":6},"end":{"line":26,"column":22}},"28":{"start":{"line":28,"column":4},"end":{"line":28,"column":28}},"29":{"start":{"line":29,"column":4},"end":{"line":29,"column":17}},"30":{"start":{"line":31,"column":2},"end":{"line":31,"column":14}},"31":{"start":{"line":34,"column":13},"end":{"line":94,"column":81}},"32":{"start":{"line":34,"column":50},"end":{"line":94,"column":4}},"33":{"start":{"line":35,"column":13},"end":{"line":35,"column":59}},"34":{"start":{"line":37,"column":4},"end":{"line":37,"column":43}},"35":{"start":{"line":43,"column":4},"end":{"line":43,"column":27}},"36":{"start":{"line":44,"column":4},"end":{"line":44,"column":80}},"37":{"start":{"line":46,"column":4},"end":{"line":48,"column":5}},"38":{"start":{"line":47,"column":6},"end":{"line":47,"column":83}},"39":{"start":{"line":50,"column":23},"end":{"line":50,"column":27}},"40":{"start":{"line":51,"column":18},"end":{"line":51,"column":20}},"41":{"start":{"line":54,"column":15},"end":{"line":91,"column":75}},"42":{"start":{"line":54,"column":35},"end":{"line":91,"column":8}},"43":{"start":{"line":55,"column":8},"end":{"line":63,"column":81}},"44":{"start":{"line":55,"column":132},"end":{"line":63,"column":12}},"45":{"start":{"line":56,"column":31},"end":{"line":56,"column":72}},"46":{"start":{"line":57,"column":12},"end":{"line":57,"column":43}},"47":{"start":{"line":59,"column":12},"end":{"line":61,"column":13}},"48":{"start":{"line":60,"column":14},"end":{"line":60,"column":81}},"49":{"start":{"line":62,"column":12},"end":{"line":62,"column":69}},"50":{"start":{"line":63,"column":13},"end":{"line":63,"column":74}},"51":{"start":{"line":63,"column":36},"end":{"line":63,"column":72}},"52":{"start":{"line":65,"column":8},"end":{"line":80,"column":11}},"53":{"start":{"line":66,"column":25},"end":{"line":66,"column":84}},"54":{"start":{"line":68,"column":10},"end":{"line":72,"column":11}},"55":{"start":{"line":69,"column":12},"end":{"line":70,"column":39}},"56":{"start":{"line":74,"column":10},"end":{"line":74,"column":72}},"57":{"start":{"line":75,"column":10},"end":{"line":77,"column":74}},"58":{"start":{"line":79,"column":10},"end":{"line":79,"column":30}},"59":{"start":{"line":82,"column":8},"end":{"line":84,"column":9}},"60":{"start":{"line":83,"column":10},"end":{"line":83,"column":17}},"61":{"start":{"line":86,"column":8},"end":{"line":88,"column":9}},"62":{"start":{"line":87,"column":10},"end":{"line":87,"column":82}},"63":{"start":{"line":90,"column":8},"end":{"line":90,"column":21}},"64":{"start":{"line":91,"column":9},"end":{"line":91,"column":71}},"65":{"start":{"line":91,"column":33},"end":{"line":91,"column":69}},"66":{"start":{"line":93,"column":4},"end":{"line":93,"column":17}},"67":{"start":{"line":94,"column":5},"end":{"line":94,"column":77}},"68":{"start":{"line":94,"column":39},"end":{"line":94,"column":75}},"69":{"start":{"line":96,"column":12},"end":{"line":104,"column":75}},"70":{"start":{"line":96,"column":48},"end":{"line":104,"column":4}},"71":{"start":{"line":97,"column":13},"end":{"line":97,"column":59}},"72":{"start":{"line":99,"column":4},"end":{"line":101,"column":7}},"73":{"start":{"line":100,"column":6},"end":{"line":100,"column":75}},"74":{"start":{"line":103,"column":4},"end":{"line":103,"column":40}},"75":{"start":{"line":104,"column":5},"end":{"line":104,"column":71}},"76":{"start":{"line":104,"column":33},"end":{"line":104,"column":69}},"77":{"start":{"line":104,"column":76},"end":{"line":106,"column":8}}},"fnMap":{"0":{"name":"_interopRequireDefault","decl":{"start":{"line":2,"column":89},"end":{"line":2,"column":111}},"loc":{"start":{"line":2,"column":117},"end":{"line":2,"column":173}},"line":2},"1":{"name":"(anonymous_1)","decl":{"start":{"line":4,"column":65},"end":{"line":4,"column":66}},"loc":{"start":{"line":4,"column":71},"end":{"line":10,"column":88}},"line":4},"2":{"name":"(anonymous_2)","decl":{"start":{"line":4,"column":108},"end":{"line":4,"column":109}},"loc":{"start":{"line":4,"column":130},"end":{"line":10,"column":3}},"line":4},"3":{"name":"getDefaultTotalSegments","decl":{"start":{"line":10,"column":21},"end":{"line":10,"column":44}},"loc":{"start":{"line":10,"column":49},"end":{"line":10,"column":86}},"line":10},"4":{"name":"(anonymous_4)","decl":{"start":{"line":12,"column":52},"end":{"line":12,"column":53}},"loc":{"start":{"line":12,"column":68},"end":{"line":32,"column":1}},"line":12},"5":{"name":"(anonymous_5)","decl":{"start":{"line":18,"column":97},"end":{"line":18,"column":98}},"loc":{"start":{"line":18,"column":122},"end":{"line":30,"column":3}},"line":18},"6":{"name":"(anonymous_6)","decl":{"start":{"line":20,"column":49},"end":{"line":20,"column":50}},"loc":{"start":{"line":20,"column":65},"end":{"line":27,"column":5}},"line":20},"7":{"name":"(anonymous_7)","decl":{"start":{"line":34,"column":31},"end":{"line":34,"column":32}},"loc":{"start":{"line":34,"column":37},"end":{"line":94,"column":78}},"line":34},"8":{"name":"(anonymous_8)","decl":{"start":{"line":34,"column":75},"end":{"line":34,"column":76}},"loc":{"start":{"line":34,"column":102},"end":{"line":94,"column":3}},"line":34},"9":{"name":"(anonymous_9)","decl":{"start":{"line":54,"column":16},"end":{"line":54,"column":17}},"loc":{"start":{"line":54,"column":22},"end":{"line":91,"column":72}},"line":54},"10":{"name":"(anonymous_10)","decl":{"start":{"line":54,"column":60},"end":{"line":54,"column":61}},"loc":{"start":{"line":54,"column":73},"end":{"line":91,"column":7}},"line":54},"11":{"name":"(anonymous_11)","decl":{"start":{"line":55,"column":113},"end":{"line":55,"column":114}},"loc":{"start":{"line":55,"column":119},"end":{"line":63,"column":75}},"line":55},"12":{"name":"(anonymous_12)","decl":{"start":{"line":55,"column":157},"end":{"line":55,"column":158}},"loc":{"start":{"line":55,"column":177},"end":{"line":63,"column":11}},"line":55},"13":{"name":"(anonymous_13)","decl":{"start":{"line":63,"column":20},"end":{"line":63,"column":21}},"loc":{"start":{"line":63,"column":35},"end":{"line":63,"column":73}},"line":63},"14":{"name":"(anonymous_14)","decl":{"start":{"line":65,"column":51},"end":{"line":65,"column":52}},"loc":{"start":{"line":65,"column":69},"end":{"line":80,"column":9}},"line":65},"15":{"name":"scan","decl":{"start":{"line":91,"column":25},"end":{"line":91,"column":29}},"loc":{"start":{"line":91,"column":32},"end":{"line":91,"column":70}},"line":91},"16":{"name":"dcScan","decl":{"start":{"line":94,"column":21},"end":{"line":94,"column":27}},"loc":{"start":{"line":94,"column":38},"end":{"line":94,"column":76}},"line":94},"17":{"name":"(anonymous_17)","decl":{"start":{"line":96,"column":29},"end":{"line":96,"column":30}},"loc":{"start":{"line":96,"column":35},"end":{"line":104,"column":72}},"line":96},"18":{"name":"(anonymous_18)","decl":{"start":{"line":96,"column":73},"end":{"line":96,"column":74}},"loc":{"start":{"line":96,"column":90},"end":{"line":104,"column":3}},"line":96},"19":{"name":"(anonymous_19)","decl":{"start":{"line":99,"column":94},"end":{"line":99,"column":95}},"loc":{"start":{"line":99,"column":111},"end":{"line":101,"column":5}},"line":99},"20":{"name":"dcPut","decl":{"start":{"line":104,"column":21},"end":{"line":104,"column":26}},"loc":{"start":{"line":104,"column":32},"end":{"line":104,"column":70}},"line":104}},"branchMap":{"0":{"loc":{"start":{"line":2,"column":125},"end":{"line":2,"column":171}},"type":"cond-expr","locations":[{"start":{"line":2,"column":149},"end":{"line":2,"column":152}},{"start":{"line":2,"column":155},"end":{"line":2,"column":171}}],"line":2},"1":{"loc":{"start":{"line":2,"column":125},"end":{"line":2,"column":146}},"type":"binary-expr","locations":[{"start":{"line":2,"column":125},"end":{"line":2,"column":128}},{"start":{"line":2,"column":132},"end":{"line":2,"column":146}}],"line":2},"2":{"loc":{"start":{"line":13,"column":2},"end":{"line":15,"column":3}},"type":"if","locations":[{"start":{"line":13,"column":2},"end":{"line":15,"column":3}},{"start":{"line":13,"column":2},"end":{"line":15,"column":3}}],"line":13},"3":{"loc":{"start":{"line":46,"column":4},"end":{"line":48,"column":5}},"type":"if","locations":[{"start":{"line":46,"column":4},"end":{"line":48,"column":5}},{"start":{"line":46,"column":4},"end":{"line":48,"column":5}}],"line":46},"4":{"loc":{"start":{"line":59,"column":12},"end":{"line":61,"column":13}},"type":"if","locations":[{"start":{"line":59,"column":12},"end":{"line":61,"column":13}},{"start":{"line":59,"column":12},"end":{"line":61,"column":13}}],"line":59},"5":{"loc":{"start":{"line":68,"column":10},"end":{"line":72,"column":11}},"type":"if","locations":[{"start":{"line":68,"column":10},"end":{"line":72,"column":11}},{"start":{"line":68,"column":10},"end":{"line":72,"column":11}}],"line":68},"6":{"loc":{"start":{"line":76,"column":10},"end":{"line":77,"column":73}},"type":"binary-expr","locations":[{"start":{"line":76,"column":10},"end":{"line":76,"column":41}},{"start":{"line":77,"column":10},"end":{"line":77,"column":73}}],"line":76},"7":{"loc":{"start":{"line":82,"column":8},"end":{"line":84,"column":9}},"type":"if","locations":[{"start":{"line":82,"column":8},"end":{"line":84,"column":9}},{"start":{"line":82,"column":8},"end":{"line":84,"column":9}}],"line":82},"8":{"loc":{"start":{"line":86,"column":8},"end":{"line":88,"column":9}},"type":"if","locations":[{"start":{"line":86,"column":8},"end":{"line":88,"column":9}},{"start":{"line":86,"column":8},"end":{"line":88,"column":9}}],"line":86},"9":{"loc":{"start":{"line":100,"column":13},"end":{"line":100,"column":74}},"type":"binary-expr","locations":[{"start":{"line":100,"column":13},"end":{"line":100,"column":58}},{"start":{"line":100,"column":62},"end":{"line":100,"column":74}}],"line":100}},"s":{"0":0,"1":0,"2":0,"3":0,"4":0,"5":0,"6":0,"7":0,"8":0,"9":0,"10":0,"11":0,"12":0,"13":0,"14":0,"15":0,"16":0,"17":0,"18":0,"19":0,"20":0,"21":0,"22":0,"23":0,"24":0,"25":0,"26":0,"27":0,"28":0,"29":0,"30":0,"31":0,"32":0,"33":0,"34":0,"35":0,"36":0,"37":0,"38":0,"39":0,"40":0,"41":0,"42":0,"43":0,"44":0,"45":0,"46":0,"47":0,"48":0,"49":0,"50":0,"51":0,"52":0,"53":0,"54":0,"55":0,"56":0,"57":0,"58":0,"59":0,"60":0,"61":0,"62":0,"63":0,"64":0,"65":0,"66":0,"67":0,"68":0,"69":0,"70":0,"71":0,"72":0,"73":0,"74":0,"75":0,"76":0,"77":0},"f":{"0":0,"1":0,"2":0,"3":0,"4":0,"5":0,"6":0,"7":0,"8":0,"9":0,"10":0,"11":0,"12":0,"13":0,"14":0,"15":0,"16":0,"17":0,"18":0,"19":0,"20":0},"b":{"0":[0,0],"1":[0,0],"2":[0,0],"3":[0,0],"4":[0,0],"5":[0,0],"6":[0,0],"7":[0,0],"8":[0,0],"9":[0,0]}}
,"/Users/andrei/git/firecloud/aws-util-firecloud/src/express-middleware.js": {"path":"/Users/andrei/git/firecloud/aws-util-firecloud/src/express-middleware.js","statementMap":{"0":{"start":{"line":1,"column":13},"end":{"line":1,"column":75}},"1":{"start":{"line":1,"column":75},"end":{"line":1,"column":105}},"2":{"start":{"line":1,"column":121},"end":{"line":1,"column":160}},"3":{"start":{"line":1,"column":184},"end":{"line":1,"column":211}},"4":{"start":{"line":1,"column":236},"end":{"line":1,"column":276}},"5":{"start":{"line":3,"column":14},"end":{"line":3,"column":33}},"6":{"start":{"line":3,"column":72},"end":{"line":3,"column":126}},"7":{"start":{"line":26,"column":16},"end":{"line":60,"column":1}},"8":{"start":{"line":27,"column":2},"end":{"line":59,"column":70}},"9":{"start":{"line":27,"column":54},"end":{"line":59,"column":6}},"10":{"start":{"line":28,"column":16},"end":{"line":28,"column":23}},"11":{"start":{"line":29,"column":16},"end":{"line":29,"column":37}},"12":{"start":{"line":31,"column":6},"end":{"line":58,"column":7}},"13":{"start":{"line":32,"column":8},"end":{"line":32,"column":26}},"14":{"start":{"line":34,"column":8},"end":{"line":34,"column":31}},"15":{"start":{"line":35,"column":8},"end":{"line":37,"column":9}},"16":{"start":{"line":36,"column":10},"end":{"line":36,"column":17}},"17":{"start":{"line":40,"column":8},"end":{"line":42,"column":9}},"18":{"start":{"line":41,"column":10},"end":{"line":41,"column":85}},"19":{"start":{"line":44,"column":8},"end":{"line":44,"column":55}},"20":{"start":{"line":46,"column":8},"end":{"line":46,"column":24}},"21":{"start":{"line":47,"column":8},"end":{"line":47,"column":60}},"22":{"start":{"line":48,"column":8},"end":{"line":54,"column":19}},"23":{"start":{"line":59,"column":7},"end":{"line":59,"column":64}},"24":{"start":{"line":59,"column":27},"end":{"line":59,"column":62}},"25":{"start":{"line":60,"column":2},"end":{"line":62,"column":10}}},"fnMap":{"0":{"name":"_interopRequireDefault","decl":{"start":{"line":3,"column":43},"end":{"line":3,"column":65}},"loc":{"start":{"line":3,"column":71},"end":{"line":3,"column":127}},"line":3},"1":{"name":"(anonymous_1)","decl":{"start":{"line":26,"column":36},"end":{"line":26,"column":37}},"loc":{"start":{"line":26,"column":50},"end":{"line":60,"column":1}},"line":26},"2":{"name":"(anonymous_2)","decl":{"start":{"line":27,"column":36},"end":{"line":27,"column":37}},"loc":{"start":{"line":27,"column":42},"end":{"line":59,"column":65}},"line":27},"3":{"name":"(anonymous_3)","decl":{"start":{"line":27,"column":79},"end":{"line":27,"column":80}},"loc":{"start":{"line":27,"column":99},"end":{"line":59,"column":5}},"line":27},"4":{"name":"(anonymous_4)","decl":{"start":{"line":59,"column":14},"end":{"line":59,"column":15}},"loc":{"start":{"line":59,"column":26},"end":{"line":59,"column":63}},"line":59}},"branchMap":{"0":{"loc":{"start":{"line":3,"column":79},"end":{"line":3,"column":125}},"type":"cond-expr","locations":[{"start":{"line":3,"column":103},"end":{"line":3,"column":106}},{"start":{"line":3,"column":109},"end":{"line":3,"column":125}}],"line":3},"1":{"loc":{"start":{"line":3,"column":79},"end":{"line":3,"column":100}},"type":"binary-expr","locations":[{"start":{"line":3,"column":79},"end":{"line":3,"column":82}},{"start":{"line":3,"column":86},"end":{"line":3,"column":100}}],"line":3},"2":{"loc":{"start":{"line":35,"column":8},"end":{"line":37,"column":9}},"type":"if","locations":[{"start":{"line":35,"column":8},"end":{"line":37,"column":9}},{"start":{"line":35,"column":8},"end":{"line":37,"column":9}}],"line":35},"3":{"loc":{"start":{"line":40,"column":8},"end":{"line":42,"column":9}},"type":"if","locations":[{"start":{"line":40,"column":8},"end":{"line":42,"column":9}},{"start":{"line":40,"column":8},"end":{"line":42,"column":9}}],"line":40},"4":{"loc":{"start":{"line":41,"column":18},"end":{"line":41,"column":84}},"type":"cond-expr","locations":[{"start":{"line":41,"column":30},"end":{"line":41,"column":78}},{"start":{"line":41,"column":81},"end":{"line":41,"column":84}}],"line":41}},"s":{"0":0,"1":0,"2":0,"3":0,"4":0,"5":0,"6":0,"7":0,"8":0,"9":0,"10":0,"11":0,"12":0,"13":0,"14":0,"15":0,"16":0,"17":0,"18":0,"19":0,"20":0,"21":0,"22":0,"23":0,"24":0,"25":0},"f":{"0":0,"1":0,"2":0,"3":0,"4":0},"b":{"0":[0,0],"1":[0,0],"2":[0,0],"3":[0,0],"4":[0,0]}}
,"/Users/andrei/git/firecloud/aws-util-firecloud/src/express.js": {"path":"/Users/andrei/git/firecloud/aws-util-firecloud/src/express.js","statementMap":{"0":{"start":{"line":1,"column":13},"end":{"line":1,"column":75}},"1":{"start":{"line":1,"column":75},"end":{"line":1,"column":295}},"2":{"start":{"line":1,"column":311},"end":{"line":1,"column":350}},"3":{"start":{"line":2,"column":23},"end":{"line":2,"column":50}},"4":{"start":{"line":2,"column":75},"end":{"line":2,"column":115}},"5":{"start":{"line":3,"column":16},"end":{"line":3,"column":34}},"6":{"start":{"line":3,"column":51},"end":{"line":3,"column":84}},"7":{"start":{"line":4,"column":26},"end":{"line":4,"column":57}},"8":{"start":{"line":4,"column":85},"end":{"line":4,"column":128}},"9":{"start":{"line":5,"column":25},"end":{"line":5,"column":56}},"10":{"start":{"line":5,"column":83},"end":{"line":5,"column":125}},"11":{"start":{"line":6,"column":12},"end":{"line":6,"column":27}},"12":{"start":{"line":6,"column":41},"end":{"line":6,"column":70}},"13":{"start":{"line":7,"column":12},"end":{"line":7,"column":27}},"14":{"start":{"line":7,"column":41},"end":{"line":7,"column":70}},"15":{"start":{"line":8,"column":20},"end":{"line":8,"column":44}},"16":{"start":{"line":8,"column":66},"end":{"line":8,"column":103}},"17":{"start":{"line":9,"column":11},"end":{"line":9,"column":25}},"18":{"start":{"line":9,"column":38},"end":{"line":9,"column":66}},"19":{"start":{"line":11,"column":18},"end":{"line":11,"column":40}},"20":{"start":{"line":15,"column":14},"end":{"line":15,"column":33}},"21":{"start":{"line":15,"column":72},"end":{"line":15,"column":126}},"22":{"start":{"line":20,"column":18},"end":{"line":33,"column":1}},"23":{"start":{"line":21,"column":19},"end":{"line":21,"column":23}},"24":{"start":{"line":22,"column":2},"end":{"line":22,"column":21}},"25":{"start":{"line":23,"column":16},"end":{"line":23,"column":31}},"26":{"start":{"line":26,"column":2},"end":{"line":28,"column":5}},"27":{"start":{"line":27,"column":4},"end":{"line":27,"column":38}},"28":{"start":{"line":30,"column":2},"end":{"line":30,"column":31}},"29":{"start":{"line":31,"column":2},"end":{"line":31,"column":83}},"30":{"start":{"line":32,"column":2},"end":{"line":32,"column":35}},"31":{"start":{"line":35,"column":15},"end":{"line":58,"column":1}},"32":{"start":{"line":36,"column":2},"end":{"line":36,"column":22}},"33":{"start":{"line":38,"column":2},"end":{"line":40,"column":3}},"34":{"start":{"line":39,"column":4},"end":{"line":39,"column":40}},"35":{"start":{"line":42,"column":2},"end":{"line":55,"column":3}},"36":{"start":{"line":45,"column":16},"end":{"line":45,"column":35}},"37":{"start":{"line":46,"column":4},"end":{"line":54,"column":5}},"38":{"start":{"line":47,"column":6},"end":{"line":53,"column":37}},"39":{"start":{"line":57,"column":2},"end":{"line":57,"column":25}},"40":{"start":{"line":60,"column":20},"end":{"line":76,"column":1}},"41":{"start":{"line":61,"column":2},"end":{"line":61,"column":22}},"42":{"start":{"line":63,"column":20},"end":{"line":63,"column":46}},"43":{"start":{"line":64,"column":13},"end":{"line":69,"column":13}},"44":{"start":{"line":70,"column":2},"end":{"line":70,"column":31}},"45":{"start":{"line":72,"column":12},"end":{"line":72,"column":23}},"46":{"start":{"line":73,"column":2},"end":{"line":73,"column":47}},"47":{"start":{"line":74,"column":2},"end":{"line":74,"column":18}},"48":{"start":{"line":75,"column":2},"end":{"line":75,"column":13}},"49":{"start":{"line":78,"column":18},"end":{"line":99,"column":1}},"50":{"start":{"line":79,"column":17},"end":{"line":79,"column":21}},"51":{"start":{"line":80,"column":2},"end":{"line":86,"column":3}},"52":{"start":{"line":81,"column":4},"end":{"line":83,"column":5}},"53":{"start":{"line":82,"column":6},"end":{"line":82,"column":35}},"54":{"start":{"line":85,"column":4},"end":{"line":85,"column":61}},"55":{"start":{"line":88,"column":2},"end":{"line":96,"column":3}},"56":{"start":{"line":89,"column":16},"end":{"line":89,"column":35}},"57":{"start":{"line":90,"column":4},"end":{"line":95,"column":5}},"58":{"start":{"line":91,"column":6},"end":{"line":93,"column":40}},"59":{"start":{"line":98,"column":2},"end":{"line":98,"column":14}},"60":{"start":{"line":101,"column":19},"end":{"line":113,"column":1}},"61":{"start":{"line":102,"column":2},"end":{"line":112,"column":82}},"62":{"start":{"line":102,"column":61},"end":{"line":112,"column":6}},"63":{"start":{"line":103,"column":6},"end":{"line":103,"column":28}},"64":{"start":{"line":104,"column":6},"end":{"line":104,"column":24}},"65":{"start":{"line":105,"column":6},"end":{"line":105,"column":58}},"66":{"start":{"line":106,"column":6},"end":{"line":106,"column":85}},"67":{"start":{"line":107,"column":20},"end":{"line":107,"column":28}},"68":{"start":{"line":108,"column":6},"end":{"line":108,"column":77}},"69":{"start":{"line":109,"column":6},"end":{"line":109,"column":80}},"70":{"start":{"line":110,"column":6},"end":{"line":110,"column":81}},"71":{"start":{"line":111,"column":6},"end":{"line":111,"column":13}},"72":{"start":{"line":112,"column":7},"end":{"line":112,"column":76}},"73":{"start":{"line":112,"column":39},"end":{"line":112,"column":74}},"74":{"start":{"line":115,"column":16},"end":{"line":122,"column":1}},"75":{"start":{"line":116,"column":2},"end":{"line":121,"column":84}},"76":{"start":{"line":116,"column":62},"end":{"line":121,"column":6}},"77":{"start":{"line":117,"column":6},"end":{"line":119,"column":9}},"78":{"start":{"line":118,"column":8},"end":{"line":118,"column":73}},"79":{"start":{"line":120,"column":6},"end":{"line":120,"column":13}},"80":{"start":{"line":121,"column":7},"end":{"line":121,"column":78}},"81":{"start":{"line":121,"column":40},"end":{"line":121,"column":76}},"82":{"start":{"line":124,"column":17},"end":{"line":129,"column":1}},"83":{"start":{"line":125,"column":16},"end":{"line":125,"column":23}},"84":{"start":{"line":126,"column":16},"end":{"line":126,"column":98}},"85":{"start":{"line":127,"column":2},"end":{"line":127,"column":24}},"86":{"start":{"line":128,"column":2},"end":{"line":128,"column":17}},"87":{"start":{"line":131,"column":17},"end":{"line":140,"column":1}},"88":{"start":{"line":132,"column":16},"end":{"line":132,"column":43}},"89":{"start":{"line":133,"column":2},"end":{"line":136,"column":15}},"90":{"start":{"line":139,"column":2},"end":{"line":139,"column":17}},"91":{"start":{"line":142,"column":14},"end":{"line":179,"column":1}},"92":{"start":{"line":143,"column":12},"end":{"line":143,"column":36}},"93":{"start":{"line":145,"column":2},"end":{"line":145,"column":30}},"94":{"start":{"line":146,"column":2},"end":{"line":146,"column":22}},"95":{"start":{"line":147,"column":2},"end":{"line":147,"column":28}},"96":{"start":{"line":148,"column":2},"end":{"line":148,"column":28}},"97":{"start":{"line":149,"column":2},"end":{"line":149,"column":34}},"98":{"start":{"line":152,"column":13},"end":{"line":152,"column":111}},"99":{"start":{"line":153,"column":2},"end":{"line":158,"column":3}},"100":{"start":{"line":155,"column":19},"end":{"line":155,"column":96}},"101":{"start":{"line":156,"column":4},"end":{"line":156,"column":21}},"102":{"start":{"line":157,"column":4},"end":{"line":157,"column":41}},"103":{"start":{"line":160,"column":2},"end":{"line":160,"column":41}},"104":{"start":{"line":161,"column":2},"end":{"line":168,"column":6}},"105":{"start":{"line":169,"column":2},"end":{"line":169,"column":47}},"106":{"start":{"line":170,"column":2},"end":{"line":170,"column":34}},"107":{"start":{"line":171,"column":2},"end":{"line":171,"column":31}},"108":{"start":{"line":173,"column":2},"end":{"line":176,"column":85}},"109":{"start":{"line":173,"column":63},"end":{"line":176,"column":6}},"110":{"start":{"line":174,"column":6},"end":{"line":174,"column":54}},"111":{"start":{"line":175,"column":6},"end":{"line":175,"column":13}},"112":{"start":{"line":176,"column":7},"end":{"line":176,"column":78}},"113":{"start":{"line":176,"column":40},"end":{"line":176,"column":76}},"114":{"start":{"line":178,"column":2},"end":{"line":178,"column":13}},"115":{"start":{"line":182,"column":16},"end":{"line":268,"column":1}},"116":{"start":{"line":183,"column":2},"end":{"line":267,"column":96}},"117":{"start":{"line":183,"column":52},"end":{"line":267,"column":6}},"118":{"start":{"line":185,"column":6},"end":{"line":185,"column":89}},"119":{"start":{"line":187,"column":28},"end":{"line":233,"column":13}},"120":{"start":{"line":189,"column":8},"end":{"line":191,"column":9}},"121":{"start":{"line":190,"column":10},"end":{"line":190,"column":17}},"122":{"start":{"line":192,"column":36},"end":{"line":192,"column":66}},"123":{"start":{"line":193,"column":8},"end":{"line":195,"column":9}},"124":{"start":{"line":194,"column":10},"end":{"line":194,"column":17}},"125":{"start":{"line":197,"column":8},"end":{"line":197,"column":39}},"126":{"start":{"line":199,"column":21},"end":{"line":199,"column":24}},"127":{"start":{"line":200,"column":20},"end":{"line":200,"column":40}},"128":{"start":{"line":202,"column":8},"end":{"line":211,"column":9}},"129":{"start":{"line":209,"column":10},"end":{"line":209,"column":23}},"130":{"start":{"line":210,"column":10},"end":{"line":210,"column":40}},"131":{"start":{"line":214,"column":8},"end":{"line":214,"column":114}},"132":{"start":{"line":216,"column":8},"end":{"line":216,"column":102}},"133":{"start":{"line":218,"column":8},"end":{"line":228,"column":42}},"134":{"start":{"line":235,"column":6},"end":{"line":266,"column":10}},"135":{"start":{"line":236,"column":8},"end":{"line":265,"column":11}},"136":{"start":{"line":237,"column":10},"end":{"line":260,"column":15}},"137":{"start":{"line":240,"column":12},"end":{"line":244,"column":16}},"138":{"start":{"line":243,"column":14},"end":{"line":243,"column":43}},"139":{"start":{"line":247,"column":12},"end":{"line":251,"column":16}},"140":{"start":{"line":250,"column":14},"end":{"line":250,"column":42}},"141":{"start":{"line":254,"column":12},"end":{"line":258,"column":16}},"142":{"start":{"line":257,"column":14},"end":{"line":257,"column":37}},"143":{"start":{"line":262,"column":10},"end":{"line":262,"column":41}},"144":{"start":{"line":264,"column":10},"end":{"line":264,"column":29}},"145":{"start":{"line":267,"column":7},"end":{"line":267,"column":81}},"146":{"start":{"line":267,"column":43},"end":{"line":267,"column":79}},"147":{"start":{"line":268,"column":2},"end":{"line":270,"column":10}}},"fnMap":{"0":{"name":"_interopRequireDefault","decl":{"start":{"line":15,"column":43},"end":{"line":15,"column":65}},"loc":{"start":{"line":15,"column":71},"end":{"line":15,"column":127}},"line":15},"1":{"name":"(anonymous_1)","decl":{"start":{"line":20,"column":40},"end":{"line":20,"column":41}},"loc":{"start":{"line":20,"column":56},"end":{"line":33,"column":1}},"line":20},"2":{"name":"(anonymous_2)","decl":{"start":{"line":26,"column":42},"end":{"line":26,"column":43}},"loc":{"start":{"line":26,"column":64},"end":{"line":28,"column":3}},"line":26},"3":{"name":"(anonymous_3)","decl":{"start":{"line":35,"column":34},"end":{"line":35,"column":35}},"loc":{"start":{"line":35,"column":70},"end":{"line":58,"column":1}},"line":35},"4":{"name":"(anonymous_4)","decl":{"start":{"line":60,"column":44},"end":{"line":60,"column":45}},"loc":{"start":{"line":60,"column":79},"end":{"line":76,"column":1}},"line":60},"5":{"name":"(anonymous_5)","decl":{"start":{"line":78,"column":40},"end":{"line":78,"column":41}},"loc":{"start":{"line":78,"column":52},"end":{"line":99,"column":1}},"line":78},"6":{"name":"(anonymous_6)","decl":{"start":{"line":101,"column":42},"end":{"line":101,"column":43}},"loc":{"start":{"line":101,"column":54},"end":{"line":113,"column":1}},"line":101},"7":{"name":"(anonymous_7)","decl":{"start":{"line":102,"column":43},"end":{"line":102,"column":44}},"loc":{"start":{"line":102,"column":49},"end":{"line":112,"column":77}},"line":102},"8":{"name":"(anonymous_8)","decl":{"start":{"line":102,"column":86},"end":{"line":102,"column":87}},"loc":{"start":{"line":102,"column":113},"end":{"line":112,"column":5}},"line":102},"9":{"name":"(anonymous_9)","decl":{"start":{"line":112,"column":14},"end":{"line":112,"column":15}},"loc":{"start":{"line":112,"column":38},"end":{"line":112,"column":75}},"line":112},"10":{"name":"(anonymous_10)","decl":{"start":{"line":115,"column":36},"end":{"line":115,"column":37}},"loc":{"start":{"line":115,"column":48},"end":{"line":122,"column":1}},"line":115},"11":{"name":"(anonymous_11)","decl":{"start":{"line":116,"column":43},"end":{"line":116,"column":44}},"loc":{"start":{"line":116,"column":49},"end":{"line":121,"column":79}},"line":116},"12":{"name":"(anonymous_12)","decl":{"start":{"line":116,"column":87},"end":{"line":116,"column":88}},"loc":{"start":{"line":116,"column":115},"end":{"line":121,"column":5}},"line":116},"13":{"name":"(anonymous_13)","decl":{"start":{"line":117,"column":67},"end":{"line":117,"column":68}},"loc":{"start":{"line":117,"column":90},"end":{"line":119,"column":7}},"line":117},"14":{"name":"(anonymous_14)","decl":{"start":{"line":121,"column":14},"end":{"line":121,"column":15}},"loc":{"start":{"line":121,"column":39},"end":{"line":121,"column":77}},"line":121},"15":{"name":"(anonymous_15)","decl":{"start":{"line":124,"column":38},"end":{"line":124,"column":39}},"loc":{"start":{"line":124,"column":57},"end":{"line":129,"column":1}},"line":124},"16":{"name":"(anonymous_16)","decl":{"start":{"line":131,"column":38},"end":{"line":131,"column":39}},"loc":{"start":{"line":131,"column":72},"end":{"line":140,"column":1}},"line":131},"17":{"name":"(anonymous_17)","decl":{"start":{"line":142,"column":32},"end":{"line":142,"column":33}},"loc":{"start":{"line":142,"column":49},"end":{"line":179,"column":1}},"line":142},"18":{"name":"(anonymous_18)","decl":{"start":{"line":173,"column":44},"end":{"line":173,"column":45}},"loc":{"start":{"line":173,"column":50},"end":{"line":176,"column":79}},"line":173},"19":{"name":"(anonymous_19)","decl":{"start":{"line":173,"column":88},"end":{"line":173,"column":89}},"loc":{"start":{"line":173,"column":116},"end":{"line":176,"column":5}},"line":173},"20":{"name":"(anonymous_20)","decl":{"start":{"line":176,"column":14},"end":{"line":176,"column":15}},"loc":{"start":{"line":176,"column":39},"end":{"line":176,"column":77}},"line":176},"21":{"name":"(anonymous_21)","decl":{"start":{"line":182,"column":36},"end":{"line":182,"column":37}},"loc":{"start":{"line":182,"column":59},"end":{"line":268,"column":1}},"line":182},"22":{"name":"(anonymous_22)","decl":{"start":{"line":183,"column":33},"end":{"line":183,"column":34}},"loc":{"start":{"line":183,"column":39},"end":{"line":267,"column":82}},"line":183},"23":{"name":"(anonymous_23)","decl":{"start":{"line":183,"column":77},"end":{"line":183,"column":78}},"loc":{"start":{"line":183,"column":102},"end":{"line":267,"column":5}},"line":183},"24":{"name":"(anonymous_24)","decl":{"start":{"line":187,"column":40},"end":{"line":187,"column":41}},"loc":{"start":{"line":187,"column":52},"end":{"line":233,"column":7}},"line":187},"25":{"name":"(anonymous_25)","decl":{"start":{"line":235,"column":141},"end":{"line":235,"column":142}},"loc":{"start":{"line":235,"column":154},"end":{"line":266,"column":7}},"line":235},"26":{"name":"(anonymous_26)","decl":{"start":{"line":236,"column":36},"end":{"line":236,"column":37}},"loc":{"start":{"line":236,"column":67},"end":{"line":261,"column":9}},"line":236},"27":{"name":"(anonymous_27)","decl":{"start":{"line":237,"column":35},"end":{"line":237,"column":36}},"loc":{"start":{"line":237,"column":48},"end":{"line":260,"column":11}},"line":237},"28":{"name":"(anonymous_28)","decl":{"start":{"line":242,"column":12},"end":{"line":242,"column":13}},"loc":{"start":{"line":242,"column":25},"end":{"line":244,"column":13}},"line":242},"29":{"name":"(anonymous_29)","decl":{"start":{"line":249,"column":12},"end":{"line":249,"column":13}},"loc":{"start":{"line":249,"column":25},"end":{"line":251,"column":13}},"line":249},"30":{"name":"(anonymous_30)","decl":{"start":{"line":256,"column":12},"end":{"line":256,"column":13}},"loc":{"start":{"line":256,"column":25},"end":{"line":258,"column":13}},"line":256},"31":{"name":"(anonymous_31)","decl":{"start":{"line":261,"column":19},"end":{"line":261,"column":20}},"loc":{"start":{"line":261,"column":31},"end":{"line":265,"column":9}},"line":261},"32":{"name":"(anonymous_32)","decl":{"start":{"line":267,"column":14},"end":{"line":267,"column":15}},"loc":{"start":{"line":267,"column":42},"end":{"line":267,"column":80}},"line":267}},"branchMap":{"0":{"loc":{"start":{"line":15,"column":79},"end":{"line":15,"column":125}},"type":"cond-expr","locations":[{"start":{"line":15,"column":103},"end":{"line":15,"column":106}},{"start":{"line":15,"column":109},"end":{"line":15,"column":125}}],"line":15},"1":{"loc":{"start":{"line":15,"column":79},"end":{"line":15,"column":100}},"type":"binary-expr","locations":[{"start":{"line":15,"column":79},"end":{"line":15,"column":82}},{"start":{"line":15,"column":86},"end":{"line":15,"column":100}}],"line":15},"2":{"loc":{"start":{"line":38,"column":2},"end":{"line":40,"column":3}},"type":"if","locations":[{"start":{"line":38,"column":2},"end":{"line":40,"column":3}},{"start":{"line":38,"column":2},"end":{"line":40,"column":3}}],"line":38},"3":{"loc":{"start":{"line":42,"column":2},"end":{"line":55,"column":3}},"type":"if","locations":[{"start":{"line":42,"column":2},"end":{"line":55,"column":3}},{"start":{"line":42,"column":2},"end":{"line":55,"column":3}}],"line":42},"4":{"loc":{"start":{"line":42,"column":6},"end":{"line":43,"column":96}},"type":"binary-expr","locations":[{"start":{"line":42,"column":6},"end":{"line":42,"column":59}},{"start":{"line":43,"column":2},"end":{"line":43,"column":96}}],"line":42},"5":{"loc":{"start":{"line":46,"column":4},"end":{"line":54,"column":5}},"type":"if","locations":[{"start":{"line":46,"column":4},"end":{"line":54,"column":5}},{"start":{"line":46,"column":4},"end":{"line":54,"column":5}}],"line":46},"6":{"loc":{"start":{"line":60,"column":62},"end":{"line":60,"column":77}},"type":"default-arg","locations":[{"start":{"line":60,"column":75},"end":{"line":60,"column":77}}],"line":60},"7":{"loc":{"start":{"line":81,"column":4},"end":{"line":83,"column":5}},"type":"if","locations":[{"start":{"line":81,"column":4},"end":{"line":83,"column":5}},{"start":{"line":81,"column":4},"end":{"line":83,"column":5}}],"line":81},"8":{"loc":{"start":{"line":88,"column":2},"end":{"line":96,"column":3}},"type":"if","locations":[{"start":{"line":88,"column":2},"end":{"line":96,"column":3}},{"start":{"line":88,"column":2},"end":{"line":96,"column":3}}],"line":88},"9":{"loc":{"start":{"line":90,"column":4},"end":{"line":95,"column":5}},"type":"if","locations":[{"start":{"line":90,"column":4},"end":{"line":95,"column":5}},{"start":{"line":90,"column":4},"end":{"line":95,"column":5}}],"line":90},"10":{"loc":{"start":{"line":153,"column":2},"end":{"line":158,"column":3}},"type":"if","locations":[{"start":{"line":153,"column":2},"end":{"line":158,"column":3}},{"start":{"line":153,"column":2},"end":{"line":158,"column":3}}],"line":153},"11":{"loc":{"start":{"line":189,"column":8},"end":{"line":191,"column":9}},"type":"if","locations":[{"start":{"line":189,"column":8},"end":{"line":191,"column":9}},{"start":{"line":189,"column":8},"end":{"line":191,"column":9}}],"line":189},"12":{"loc":{"start":{"line":193,"column":8},"end":{"line":195,"column":9}},"type":"if","locations":[{"start":{"line":193,"column":8},"end":{"line":195,"column":9}},{"start":{"line":193,"column":8},"end":{"line":195,"column":9}}],"line":193},"13":{"loc":{"start":{"line":202,"column":8},"end":{"line":211,"column":9}},"type":"if","locations":[{"start":{"line":202,"column":8},"end":{"line":211,"column":9}},{"start":{"line":202,"column":8},"end":{"line":211,"column":9}}],"line":202}},"s":{"0":0,"1":0,"2":0,"3":0,"4":0,"5":0,"6":0,"7":0,"8":0,"9":0,"10":0,"11":0,"12":0,"13":0,"14":0,"15":0,"16":0,"17":0,"18":0,"19":0,"20":0,"21":0,"22":0,"23":0,"24":0,"25":0,"26":0,"27":0,"28":0,"29":0,"30":0,"31":0,"32":0,"33":0,"34":0,"35":0,"36":0,"37":0,"38":0,"39":0,"40":0,"41":0,"42":0,"43":0,"44":0,"45":0,"46":0,"47":0,"48":0,"49":0,"50":0,"51":0,"52":0,"53":0,"54":0,"55":0,"56":0,"57":0,"58":0,"59":0,"60":0,"61":0,"62":0,"63":0,"64":0,"65":0,"66":0,"67":0,"68":0,"69":0,"70":0,"71":0,"72":0,"73":0,"74":0,"75":0,"76":0,"77":0,"78":0,"79":0,"80":0,"81":0,"82":0,"83":0,"84":0,"85":0,"86":0,"87":0,"88":0,"89":0,"90":0,"91":0,"92":0,"93":0,"94":0,"95":0,"96":0,"97":0,"98":0,"99":0,"100":0,"101":0,"102":0,"103":0,"104":0,"105":0,"106":0,"107":0,"108":0,"109":0,"110":0,"111":0,"112":0,"113":0,"114":0,"115":0,"116":0,"117":0,"118":0,"119":0,"120":0,"121":0,"122":0,"123":0,"124":0,"125":0,"126":0,"127":0,"128":0,"129":0,"130":0,"131":0,"132":0,"133":0,"134":0,"135":0,"136":0,"137":0,"138":0,"139":0,"140":0,"141":0,"142":0,"143":0,"144":0,"145":0,"146":0,"147":0},"f":{"0":0,"1":0,"2":0,"3":0,"4":0,"5":0,"6":0,"7":0,"8":0,"9":0,"10":0,"11":0,"12":0,"13":0,"14":0,"15":0,"16":0,"17":0,"18":0,"19":0,"20":0,"21":0,"22":0,"23":0,"24":0,"25":0,"26":0,"27":0,"28":0,"29":0,"30":0,"31":0,"32":0},"b":{"0":[0,0],"1":[0,0],"2":[0,0],"3":[0,0],"4":[0,0],"5":[0,0],"6":[0],"7":[0,0],"8":[0,0],"9":[0,0],"10":[0,0],"11":[0,0],"12":[0,0],"13":[0,0]}}
,"/Users/andrei/git/firecloud/aws-util-firecloud/src/firehose.js": {"path":"/Users/andrei/git/firecloud/aws-util-firecloud/src/firehose.js","statementMap":{"0":{"start":{"line":5,"column":20},"end":{"line":9,"column":1}},"1":{"start":{"line":11,"column":31},"end":{"line":20,"column":1}},"2":{"start":{"line":12,"column":2},"end":{"line":14,"column":3}},"3":{"start":{"line":13,"column":4},"end":{"line":13,"column":11}},"4":{"start":{"line":16,"column":20},"end":{"line":16,"column":39}},"5":{"start":{"line":17,"column":2},"end":{"line":17,"column":30}},"6":{"start":{"line":18,"column":2},"end":{"line":18,"column":55}},"7":{"start":{"line":19,"column":2},"end":{"line":19,"column":49}},"8":{"start":{"line":22,"column":24},"end":{"line":67,"column":1}},"9":{"start":{"line":28,"column":22},"end":{"line":28,"column":24}},"10":{"start":{"line":29,"column":20},"end":{"line":33,"column":3}},"11":{"start":{"line":35,"column":2},"end":{"line":61,"column":5}},"12":{"start":{"line":36,"column":15},"end":{"line":36,"column":37}},"13":{"start":{"line":37,"column":4},"end":{"line":37,"column":23}},"14":{"start":{"line":38,"column":21},"end":{"line":38,"column":44}},"15":{"start":{"line":40,"column":4},"end":{"line":44,"column":5}},"16":{"start":{"line":41,"column":6},"end":{"line":42,"column":37}},"17":{"start":{"line":43,"column":6},"end":{"line":43,"column":13}},"18":{"start":{"line":46,"column":4},"end":{"line":54,"column":5}},"19":{"start":{"line":48,"column":6},"end":{"line":48,"column":38}},"20":{"start":{"line":49,"column":6},"end":{"line":53,"column":8}},"21":{"start":{"line":56,"column":4},"end":{"line":56,"column":61}},"22":{"start":{"line":58,"column":4},"end":{"line":60,"column":7}},"23":{"start":{"line":63,"column":2},"end":{"line":63,"column":34}},"24":{"start":{"line":64,"column":2},"end":{"line":64,"column":41}},"25":{"start":{"line":66,"column":2},"end":{"line":66,"column":61}}},"fnMap":{"0":{"name":"(anonymous_0)","decl":{"start":{"line":11,"column":31},"end":{"line":11,"column":32}},"loc":{"start":{"line":11,"column":73},"end":{"line":20,"column":1}},"line":11},"1":{"name":"(anonymous_1)","decl":{"start":{"line":22,"column":24},"end":{"line":22,"column":25}},"loc":{"start":{"line":27,"column":3},"end":{"line":67,"column":1}},"line":27},"2":{"name":"(anonymous_2)","decl":{"start":{"line":35,"column":21},"end":{"line":35,"column":22}},"loc":{"start":{"line":35,"column":38},"end":{"line":61,"column":3}},"line":35}},"branchMap":{"0":{"loc":{"start":{"line":12,"column":2},"end":{"line":14,"column":3}},"type":"if","locations":[{"start":{"line":12,"column":2},"end":{"line":14,"column":3}},{"start":{"line":12,"column":2},"end":{"line":14,"column":3}}],"line":12},"1":{"loc":{"start":{"line":25,"column":2},"end":{"line":25,"column":31}},"type":"default-arg","locations":[{"start":{"line":25,"column":13},"end":{"line":25,"column":31}}],"line":25},"2":{"loc":{"start":{"line":40,"column":4},"end":{"line":44,"column":5}},"type":"if","locations":[{"start":{"line":40,"column":4},"end":{"line":44,"column":5}},{"start":{"line":40,"column":4},"end":{"line":44,"column":5}}],"line":40},"3":{"loc":{"start":{"line":46,"column":4},"end":{"line":54,"column":5}},"type":"if","locations":[{"start":{"line":46,"column":4},"end":{"line":54,"column":5}},{"start":{"line":46,"column":4},"end":{"line":54,"column":5}}],"line":46},"4":{"loc":{"start":{"line":46,"column":8},"end":{"line":47,"column":67}},"type":"binary-expr","locations":[{"start":{"line":46,"column":8},"end":{"line":46,"column":72}},{"start":{"line":47,"column":8},"end":{"line":47,"column":67}}],"line":46}},"s":{"0":1,"1":1,"2":0,"3":0,"4":0,"5":0,"6":0,"7":0,"8":1,"9":4,"10":4,"11":4,"12":508,"13":508,"14":508,"15":508,"16":1,"17":1,"18":507,"19":2,"20":2,"21":507,"22":507,"23":4,"24":4,"25":4},"f":{"0":0,"1":4,"2":508},"b":{"0":[0,0],"1":[4],"2":[1,507],"3":[2,505],"4":[507,506]},"_coverageSchema":"332fd63041d2c1bcb487cc26dd0d5f7d97098a6c","hash":"c6182e7d29f22ec24a85bee1b6097e8950a2b651"}
,"/Users/andrei/git/firecloud/aws-util-firecloud/src/lambda.js": {"path":"/Users/andrei/git/firecloud/aws-util-firecloud/src/lambda.js","statementMap":{"0":{"start":{"line":1,"column":13},"end":{"line":1,"column":75}},"1":{"start":{"line":1,"column":75},"end":{"line":1,"column":311}},"2":{"start":{"line":1,"column":327},"end":{"line":1,"column":366}},"3":{"start":{"line":2,"column":19},"end":{"line":2,"column":42}},"4":{"start":{"line":2,"column":63},"end":{"line":2,"column":99}},"5":{"start":{"line":3,"column":23},"end":{"line":3,"column":50}},"6":{"start":{"line":3,"column":75},"end":{"line":3,"column":115}},"7":{"start":{"line":4,"column":14},"end":{"line":4,"column":32}},"8":{"start":{"line":4,"column":48},"end":{"line":4,"column":79}},"9":{"start":{"line":5,"column":14},"end":{"line":5,"column":31}},"10":{"start":{"line":5,"column":47},"end":{"line":5,"column":78}},"11":{"start":{"line":6,"column":20},"end":{"line":6,"column":62}},"12":{"start":{"line":6,"column":84},"end":{"line":6,"column":121}},"13":{"start":{"line":7,"column":10},"end":{"line":7,"column":23}},"14":{"start":{"line":7,"column":35},"end":{"line":7,"column":62}},"15":{"start":{"line":7,"column":101},"end":{"line":7,"column":155}},"16":{"start":{"line":9,"column":18},"end":{"line":10,"column":72}},"17":{"start":{"line":12,"column":19},"end":{"line":17,"column":1}},"18":{"start":{"line":13,"column":2},"end":{"line":16,"column":4}},"19":{"start":{"line":14,"column":15},"end":{"line":14,"column":36}},"20":{"start":{"line":15,"column":4},"end":{"line":15,"column":28}},"21":{"start":{"line":19,"column":14},"end":{"line":71,"column":75}},"22":{"start":{"line":19,"column":51},"end":{"line":71,"column":4}},"23":{"start":{"line":20,"column":4},"end":{"line":22,"column":5}},"24":{"start":{"line":21,"column":6},"end":{"line":21,"column":13}},"25":{"start":{"line":28,"column":21},"end":{"line":53,"column":10}},"26":{"start":{"line":48,"column":8},"end":{"line":50,"column":9}},"27":{"start":{"line":49,"column":10},"end":{"line":49,"column":17}},"28":{"start":{"line":52,"column":8},"end":{"line":52,"column":20}},"29":{"start":{"line":56,"column":34},"end":{"line":56,"column":49}},"30":{"start":{"line":57,"column":4},"end":{"line":68,"column":5}},"31":{"start":{"line":58,"column":6},"end":{"line":61,"column":71}},"32":{"start":{"line":63,"column":6},"end":{"line":66,"column":41}},"33":{"start":{"line":70,"column":4},"end":{"line":70,"column":44}},"34":{"start":{"line":71,"column":5},"end":{"line":71,"column":71}},"35":{"start":{"line":71,"column":34},"end":{"line":71,"column":69}},"36":{"start":{"line":74,"column":16},"end":{"line":113,"column":1}},"37":{"start":{"line":75,"column":2},"end":{"line":112,"column":84}},"38":{"start":{"line":75,"column":50},"end":{"line":112,"column":6}},"39":{"start":{"line":76,"column":6},"end":{"line":80,"column":10}},"40":{"start":{"line":79,"column":8},"end":{"line":79,"column":51}},"41":{"start":{"line":83,"column":6},"end":{"line":87,"column":10}},"42":{"start":{"line":86,"column":8},"end":{"line":86,"column":41}},"43":{"start":{"line":90,"column":6},"end":{"line":94,"column":10}},"44":{"start":{"line":93,"column":8},"end":{"line":93,"column":42}},"45":{"start":{"line":97,"column":6},"end":{"line":101,"column":10}},"46":{"start":{"line":100,"column":8},"end":{"line":100,"column":31}},"47":{"start":{"line":104,"column":6},"end":{"line":111,"column":7}},"48":{"start":{"line":105,"column":8},"end":{"line":109,"column":12}},"49":{"start":{"line":108,"column":10},"end":{"line":108,"column":22}},"50":{"start":{"line":112,"column":7},"end":{"line":112,"column":78}},"51":{"start":{"line":112,"column":40},"end":{"line":112,"column":76}},"52":{"start":{"line":115,"column":18},"end":{"line":170,"column":81}},"53":{"start":{"line":115,"column":60},"end":{"line":170,"column":4}},"54":{"start":{"line":116,"column":4},"end":{"line":116,"column":66}},"55":{"start":{"line":119,"column":4},"end":{"line":119,"column":105}},"56":{"start":{"line":120,"column":4},"end":{"line":121,"column":118}},"57":{"start":{"line":124,"column":4},"end":{"line":124,"column":105}},"58":{"start":{"line":126,"column":20},"end":{"line":126,"column":81}},"59":{"start":{"line":128,"column":4},"end":{"line":128,"column":105}},"60":{"start":{"line":129,"column":4},"end":{"line":129,"column":95}},"61":{"start":{"line":132,"column":4},"end":{"line":132,"column":105}},"62":{"start":{"line":135,"column":4},"end":{"line":135,"column":105}},"63":{"start":{"line":136,"column":4},"end":{"line":136,"column":106}},"64":{"start":{"line":138,"column":4},"end":{"line":157,"column":26}},"65":{"start":{"line":160,"column":4},"end":{"line":160,"column":66}},"66":{"start":{"line":162,"column":17},"end":{"line":166,"column":31}},"67":{"start":{"line":169,"column":4},"end":{"line":169,"column":56}},"68":{"start":{"line":170,"column":5},"end":{"line":170,"column":77}},"69":{"start":{"line":170,"column":39},"end":{"line":170,"column":75}},"70":{"start":{"line":172,"column":24},"end":{"line":182,"column":1}},"71":{"start":{"line":173,"column":16},"end":{"line":173,"column":19}},"72":{"start":{"line":175,"column":2},"end":{"line":181,"column":22}},"73":{"start":{"line":184,"column":16},"end":{"line":208,"column":79}},"74":{"start":{"line":184,"column":56},"end":{"line":208,"column":4}},"75":{"start":{"line":186,"column":19},"end":{"line":186,"column":58}},"76":{"start":{"line":187,"column":23},"end":{"line":187,"column":57}},"77":{"start":{"line":188,"column":4},"end":{"line":188,"column":108}},"78":{"start":{"line":189,"column":4},"end":{"line":189,"column":73}},"79":{"start":{"line":190,"column":21},"end":{"line":190,"column":43}},"80":{"start":{"line":192,"column":4},"end":{"line":196,"column":5}},"81":{"start":{"line":193,"column":6},"end":{"line":193,"column":59}},"82":{"start":{"line":195,"column":6},"end":{"line":195,"column":60}},"83":{"start":{"line":198,"column":4},"end":{"line":204,"column":5}},"84":{"start":{"line":199,"column":6},"end":{"line":199,"column":68}},"85":{"start":{"line":200,"column":6},"end":{"line":200,"column":84}},"86":{"start":{"line":201,"column":6},"end":{"line":201,"column":48}},"87":{"start":{"line":203,"column":6},"end":{"line":203,"column":39}},"88":{"start":{"line":206,"column":4},"end":{"line":206,"column":48}},"89":{"start":{"line":207,"column":4},"end":{"line":207,"column":28}},"90":{"start":{"line":208,"column":5},"end":{"line":208,"column":75}},"91":{"start":{"line":208,"column":37},"end":{"line":208,"column":73}},"92":{"start":{"line":210,"column":17},"end":{"line":247,"column":99}},"93":{"start":{"line":210,"column":93},"end":{"line":247,"column":4}},"94":{"start":{"line":212,"column":19},"end":{"line":212,"column":58}},"95":{"start":{"line":213,"column":13},"end":{"line":215,"column":31}},"96":{"start":{"line":221,"column":4},"end":{"line":232,"column":8}},"97":{"start":{"line":222,"column":19},"end":{"line":226,"column":15}},"98":{"start":{"line":228,"column":6},"end":{"line":231,"column":14}},"99":{"start":{"line":233,"column":4},"end":{"line":233,"column":39}},"100":{"start":{"line":235,"column":14},"end":{"line":235,"column":16}},"101":{"start":{"line":237,"column":4},"end":{"line":237,"column":50}},"102":{"start":{"line":238,"column":4},"end":{"line":240,"column":7}},"103":{"start":{"line":239,"column":6},"end":{"line":239,"column":101}},"104":{"start":{"line":242,"column":4},"end":{"line":245,"column":32}},"105":{"start":{"line":247,"column":5},"end":{"line":247,"column":67}},"106":{"start":{"line":247,"column":28},"end":{"line":247,"column":65}},"107":{"start":{"line":248,"column":0},"end":{"line":248,"column":68}},"108":{"start":{"line":250,"column":19},"end":{"line":339,"column":1}},"109":{"start":{"line":251,"column":16},"end":{"line":252,"column":29}},"110":{"start":{"line":255,"column":22},"end":{"line":255,"column":86}},"111":{"start":{"line":257,"column":2},"end":{"line":281,"column":3}},"112":{"start":{"line":258,"column":4},"end":{"line":278,"column":16}},"113":{"start":{"line":264,"column":35},"end":{"line":264,"column":95}},"114":{"start":{"line":265,"column":20},"end":{"line":267,"column":27}},"115":{"start":{"line":270,"column":10},"end":{"line":276,"column":25}},"116":{"start":{"line":283,"column":15},"end":{"line":289,"column":14}},"117":{"start":{"line":291,"column":2},"end":{"line":291,"column":54}},"118":{"start":{"line":293,"column":2},"end":{"line":293,"column":64}},"119":{"start":{"line":295,"column":2},"end":{"line":295,"column":19}},"120":{"start":{"line":297,"column":2},"end":{"line":308,"column":3}},"121":{"start":{"line":298,"column":4},"end":{"line":298,"column":37}},"122":{"start":{"line":299,"column":4},"end":{"line":304,"column":5}},"123":{"start":{"line":300,"column":6},"end":{"line":302,"column":33}},"124":{"start":{"line":305,"column":4},"end":{"line":305,"column":47}},"125":{"start":{"line":306,"column":9},"end":{"line":308,"column":3}},"126":{"start":{"line":307,"column":4},"end":{"line":307,"column":87}},"127":{"start":{"line":310,"column":2},"end":{"line":337,"column":8}},"128":{"start":{"line":313,"column":6},"end":{"line":315,"column":7}},"129":{"start":{"line":314,"column":8},"end":{"line":314,"column":15}},"130":{"start":{"line":324,"column":6},"end":{"line":324,"column":48}},"131":{"start":{"line":325,"column":6},"end":{"line":325,"column":35}},"132":{"start":{"line":327,"column":6},"end":{"line":336,"column":33}},"133":{"start":{"line":341,"column":25},"end":{"line":344,"column":1}},"134":{"start":{"line":342,"column":16},"end":{"line":342,"column":19}},"135":{"start":{"line":343,"column":2},"end":{"line":343,"column":65}},"136":{"start":{"line":344,"column":2},"end":{"line":346,"column":10}}},"fnMap":{"0":{"name":"_interopRequireDefault","decl":{"start":{"line":7,"column":72},"end":{"line":7,"column":94}},"loc":{"start":{"line":7,"column":100},"end":{"line":7,"column":156}},"line":7},"1":{"name":"(anonymous_1)","decl":{"start":{"line":12,"column":42},"end":{"line":12,"column":43}},"loc":{"start":{"line":12,"column":56},"end":{"line":17,"column":1}},"line":12},"2":{"name":"(anonymous_2)","decl":{"start":{"line":13,"column":9},"end":{"line":13,"column":10}},"loc":{"start":{"line":13,"column":28},"end":{"line":16,"column":3}},"line":13},"3":{"name":"(anonymous_3)","decl":{"start":{"line":19,"column":33},"end":{"line":19,"column":34}},"loc":{"start":{"line":19,"column":39},"end":{"line":71,"column":72}},"line":19},"4":{"name":"(anonymous_4)","decl":{"start":{"line":19,"column":76},"end":{"line":19,"column":77}},"loc":{"start":{"line":19,"column":100},"end":{"line":71,"column":3}},"line":19},"5":{"name":"(anonymous_5)","decl":{"start":{"line":47,"column":60},"end":{"line":47,"column":61}},"loc":{"start":{"line":47,"column":74},"end":{"line":53,"column":7}},"line":47},"6":{"name":"inspect","decl":{"start":{"line":71,"column":21},"end":{"line":71,"column":28}},"loc":{"start":{"line":71,"column":33},"end":{"line":71,"column":70}},"line":71},"7":{"name":"(anonymous_7)","decl":{"start":{"line":74,"column":36},"end":{"line":74,"column":37}},"loc":{"start":{"line":74,"column":59},"end":{"line":113,"column":1}},"line":74},"8":{"name":"(anonymous_8)","decl":{"start":{"line":75,"column":31},"end":{"line":75,"column":32}},"loc":{"start":{"line":75,"column":37},"end":{"line":112,"column":79}},"line":75},"9":{"name":"(anonymous_9)","decl":{"start":{"line":75,"column":75},"end":{"line":75,"column":76}},"loc":{"start":{"line":75,"column":100},"end":{"line":112,"column":5}},"line":75},"10":{"name":"(anonymous_10)","decl":{"start":{"line":78,"column":6},"end":{"line":78,"column":7}},"loc":{"start":{"line":78,"column":19},"end":{"line":80,"column":7}},"line":78},"11":{"name":"(anonymous_11)","decl":{"start":{"line":85,"column":6},"end":{"line":85,"column":7}},"loc":{"start":{"line":85,"column":19},"end":{"line":87,"column":7}},"line":85},"12":{"name":"(anonymous_12)","decl":{"start":{"line":92,"column":6},"end":{"line":92,"column":7}},"loc":{"start":{"line":92,"column":19},"end":{"line":94,"column":7}},"line":92},"13":{"name":"(anonymous_13)","decl":{"start":{"line":99,"column":6},"end":{"line":99,"column":7}},"loc":{"start":{"line":99,"column":19},"end":{"line":101,"column":7}},"line":99},"14":{"name":"(anonymous_14)","decl":{"start":{"line":107,"column":8},"end":{"line":107,"column":9}},"loc":{"start":{"line":107,"column":21},"end":{"line":109,"column":9}},"line":107},"15":{"name":"(anonymous_15)","decl":{"start":{"line":112,"column":14},"end":{"line":112,"column":15}},"loc":{"start":{"line":112,"column":39},"end":{"line":112,"column":77}},"line":112},"16":{"name":"(anonymous_16)","decl":{"start":{"line":115,"column":41},"end":{"line":115,"column":42}},"loc":{"start":{"line":115,"column":47},"end":{"line":170,"column":78}},"line":115},"17":{"name":"(anonymous_17)","decl":{"start":{"line":115,"column":85},"end":{"line":115,"column":86}},"loc":{"start":{"line":115,"column":113},"end":{"line":170,"column":3}},"line":115},"18":{"name":"mergeEnvCtx","decl":{"start":{"line":170,"column":21},"end":{"line":170,"column":32}},"loc":{"start":{"line":170,"column":38},"end":{"line":170,"column":76}},"line":170},"19":{"name":"(anonymous_19)","decl":{"start":{"line":172,"column":52},"end":{"line":172,"column":53}},"loc":{"start":{"line":172,"column":91},"end":{"line":182,"column":1}},"line":172},"20":{"name":"(anonymous_20)","decl":{"start":{"line":184,"column":37},"end":{"line":184,"column":38}},"loc":{"start":{"line":184,"column":43},"end":{"line":208,"column":76}},"line":184},"21":{"name":"(anonymous_21)","decl":{"start":{"line":184,"column":81},"end":{"line":184,"column":82}},"loc":{"start":{"line":184,"column":121},"end":{"line":208,"column":3}},"line":184},"22":{"name":"getEnvCtx","decl":{"start":{"line":208,"column":21},"end":{"line":208,"column":30}},"loc":{"start":{"line":208,"column":36},"end":{"line":208,"column":74}},"line":208},"23":{"name":"(anonymous_23)","decl":{"start":{"line":210,"column":73},"end":{"line":210,"column":74}},"loc":{"start":{"line":210,"column":79},"end":{"line":247,"column":68}},"line":210},"24":{"name":"(anonymous_24)","decl":{"start":{"line":210,"column":118},"end":{"line":210,"column":119}},"loc":{"start":{"line":210,"column":153},"end":{"line":247,"column":3}},"line":210},"25":{"name":"(anonymous_25)","decl":{"start":{"line":221,"column":111},"end":{"line":221,"column":112}},"loc":{"start":{"line":221,"column":124},"end":{"line":232,"column":5}},"line":221},"26":{"name":"(anonymous_26)","decl":{"start":{"line":238,"column":44},"end":{"line":238,"column":45}},"loc":{"start":{"line":238,"column":59},"end":{"line":240,"column":5}},"line":238},"27":{"name":"(anonymous_27)","decl":{"start":{"line":247,"column":12},"end":{"line":247,"column":13}},"loc":{"start":{"line":247,"column":27},"end":{"line":247,"column":66}},"line":247},"28":{"name":"(anonymous_28)","decl":{"start":{"line":250,"column":42},"end":{"line":250,"column":43}},"loc":{"start":{"line":250,"column":64},"end":{"line":339,"column":1}},"line":250},"29":{"name":"(anonymous_29)","decl":{"start":{"line":263,"column":25},"end":{"line":263,"column":26}},"loc":{"start":{"line":263,"column":55},"end":{"line":278,"column":9}},"line":263},"30":{"name":"(anonymous_30)","decl":{"start":{"line":312,"column":9},"end":{"line":312,"column":10}},"loc":{"start":{"line":312,"column":28},"end":{"line":337,"column":5}},"line":312},"31":{"name":"(anonymous_31)","decl":{"start":{"line":341,"column":54},"end":{"line":341,"column":55}},"loc":{"start":{"line":341,"column":69},"end":{"line":344,"column":1}},"line":341}},"branchMap":{"0":{"loc":{"start":{"line":7,"column":108},"end":{"line":7,"column":154}},"type":"cond-expr","locations":[{"start":{"line":7,"column":132},"end":{"line":7,"column":135}},{"start":{"line":7,"column":138},"end":{"line":7,"column":154}}],"line":7},"1":{"loc":{"start":{"line":7,"column":108},"end":{"line":7,"column":129}},"type":"binary-expr","locations":[{"start":{"line":7,"column":108},"end":{"line":7,"column":111}},{"start":{"line":7,"column":115},"end":{"line":7,"column":129}}],"line":7},"2":{"loc":{"start":{"line":20,"column":4},"end":{"line":22,"column":5}},"type":"if","locations":[{"start":{"line":20,"column":4},"end":{"line":22,"column":5}},{"start":{"line":20,"column":4},"end":{"line":22,"column":5}}],"line":20},"3":{"loc":{"start":{"line":48,"column":8},"end":{"line":50,"column":9}},"type":"if","locations":[{"start":{"line":48,"column":8},"end":{"line":50,"column":9}},{"start":{"line":48,"column":8},"end":{"line":50,"column":9}}],"line":48},"4":{"loc":{"start":{"line":57,"column":4},"end":{"line":68,"column":5}},"type":"if","locations":[{"start":{"line":57,"column":4},"end":{"line":68,"column":5}},{"start":{"line":57,"column":4},"end":{"line":68,"column":5}}],"line":57},"5":{"loc":{"start":{"line":104,"column":6},"end":{"line":111,"column":7}},"type":"if","locations":[{"start":{"line":104,"column":6},"end":{"line":111,"column":7}},{"start":{"line":104,"column":6},"end":{"line":111,"column":7}}],"line":104},"6":{"loc":{"start":{"line":104,"column":10},"end":{"line":104,"column":29}},"type":"binary-expr","locations":[{"start":{"line":104,"column":10},"end":{"line":104,"column":16}},{"start":{"line":104,"column":20},"end":{"line":104,"column":29}}],"line":104},"7":{"loc":{"start":{"line":172,"column":69},"end":{"line":172,"column":87}},"type":"default-arg","locations":[{"start":{"line":172,"column":76},"end":{"line":172,"column":87}}],"line":172},"8":{"loc":{"start":{"line":184,"column":99},"end":{"line":184,"column":117}},"type":"default-arg","locations":[{"start":{"line":184,"column":106},"end":{"line":184,"column":117}}],"line":184},"9":{"loc":{"start":{"line":192,"column":4},"end":{"line":196,"column":5}},"type":"if","locations":[{"start":{"line":192,"column":4},"end":{"line":196,"column":5}},{"start":{"line":192,"column":4},"end":{"line":196,"column":5}}],"line":192},"10":{"loc":{"start":{"line":198,"column":4},"end":{"line":204,"column":5}},"type":"if","locations":[{"start":{"line":198,"column":4},"end":{"line":204,"column":5}},{"start":{"line":198,"column":4},"end":{"line":204,"column":5}}],"line":198},"11":{"loc":{"start":{"line":255,"column":22},"end":{"line":255,"column":86}},"type":"binary-expr","locations":[{"start":{"line":255,"column":22},"end":{"line":255,"column":80}},{"start":{"line":255,"column":84},"end":{"line":255,"column":86}}],"line":255},"12":{"loc":{"start":{"line":257,"column":2},"end":{"line":281,"column":3}},"type":"if","locations":[{"start":{"line":257,"column":2},"end":{"line":281,"column":3}},{"start":{"line":257,"column":2},"end":{"line":281,"column":3}}],"line":257},"13":{"loc":{"start":{"line":257,"column":6},"end":{"line":257,"column":40}},"type":"binary-expr","locations":[{"start":{"line":257,"column":6},"end":{"line":257,"column":27}},{"start":{"line":257,"column":31},"end":{"line":257,"column":40}}],"line":257},"14":{"loc":{"start":{"line":297,"column":2},"end":{"line":308,"column":3}},"type":"if","locations":[{"start":{"line":297,"column":2},"end":{"line":308,"column":3}},{"start":{"line":297,"column":2},"end":{"line":308,"column":3}}],"line":297},"15":{"loc":{"start":{"line":299,"column":4},"end":{"line":304,"column":5}},"type":"if","locations":[{"start":{"line":299,"column":4},"end":{"line":304,"column":5}},{"start":{"line":299,"column":4},"end":{"line":304,"column":5}}],"line":299},"16":{"loc":{"start":{"line":306,"column":9},"end":{"line":308,"column":3}},"type":"if","locations":[{"start":{"line":306,"column":9},"end":{"line":308,"column":3}},{"start":{"line":306,"column":9},"end":{"line":308,"column":3}}],"line":306},"17":{"loc":{"start":{"line":306,"column":13},"end":{"line":306,"column":85}},"type":"binary-expr","locations":[{"start":{"line":306,"column":13},"end":{"line":306,"column":47}},{"start":{"line":306,"column":51},"end":{"line":306,"column":85}}],"line":306},"18":{"loc":{"start":{"line":313,"column":6},"end":{"line":315,"column":7}},"type":"if","locations":[{"start":{"line":313,"column":6},"end":{"line":315,"column":7}},{"start":{"line":313,"column":6},"end":{"line":315,"column":7}}],"line":313}},"s":{"0":0,"1":0,"2":0,"3":0,"4":0,"5":0,"6":0,"7":0,"8":0,"9":0,"10":0,"11":0,"12":0,"13":0,"14":0,"15":0,"16":0,"17":0,"18":0,"19":0,"20":0,"21":0,"22":0,"23":0,"24":0,"25":0,"26":0,"27":0,"28":0,"29":0,"30":0,"31":0,"32":0,"33":0,"34":0,"35":0,"36":0,"37":0,"38":0,"39":0,"40":0,"41":0,"42":0,"43":0,"44":0,"45":0,"46":0,"47":0,"48":0,"49":0,"50":0,"51":0,"52":0,"53":0,"54":0,"55":0,"56":0,"57":0,"58":0,"59":0,"60":0,"61":0,"62":0,"63":0,"64":0,"65":0,"66":0,"67":0,"68":0,"69":0,"70":0,"71":0,"72":0,"73":0,"74":0,"75":0,"76":0,"77":0,"78":0,"79":0,"80":0,"81":0,"82":0,"83":0,"84":0,"85":0,"86":0,"87":0,"88":0,"89":0,"90":0,"91":0,"92":0,"93":0,"94":0,"95":0,"96":0,"97":0,"98":0,"99":0,"100":0,"101":0,"102":0,"103":0,"104":0,"105":0,"106":0,"107":0,"108":0,"109":0,"110":0,"111":0,"112":0,"113":0,"114":0,"115":0,"116":0,"117":0,"118":0,"119":0,"120":0,"121":0,"122":0,"123":0,"124":0,"125":0,"126":0,"127":0,"128":0,"129":0,"130":0,"131":0,"132":0,"133":0,"134":0,"135":0,"136":0},"f":{"0":0,"1":0,"2":0,"3":0,"4":0,"5":0,"6":0,"7":0,"8":0,"9":0,"10":0,"11":0,"12":0,"13":0,"14":0,"15":0,"16":0,"17":0,"18":0,"19":0,"20":0,"21":0,"22":0,"23":0,"24":0,"25":0,"26":0,"27":0,"28":0,"29":0,"30":0,"31":0},"b":{"0":[0,0],"1":[0,0],"2":[0,0],"3":[0,0],"4":[0,0],"5":[0,0],"6":[0,0],"7":[0],"8":[0],"9":[0,0],"10":[0,0],"11":[0,0],"12":[0,0],"13":[0,0],"14":[0,0],"15":[0,0],"16":[0,0],"17":[0,0],"18":[0,0]}}
}
